<?xml version="1.0" encoding="UTF-8"?>
<robot generator="Robot 6.1.1 (Python 3.10.1 on win32)" generated="20240102 15:42:43.103" rpa="false" schemaversion="4">
<suite id="s1" name="Gerando Arquivos" source="C:\Projetos\manipulando_arquivos_robotframework\features\gerando_arquivos.robot">
<test id="s1-t1" name="Cenario: Validar Manipular Arquivos do tipo TXT" line="35">
<kw name="Dado que é criado o arquivo CSV com os dados do TXT gerado" library="kws_gerando_arquivo_txt">
<kw name="Log To Console" library="BuiltIn">
<arg>\n==============================================================================</arg>
<doc>Logs the given message to the console.</doc>
<status status="PASS" starttime="20240102 15:42:47.126" endtime="20240102 15:42:47.127"/>
</kw>
<kw name="Log To Console" library="BuiltIn">
<arg>Arquivo criado ==&gt; ARQUIVOS_DADOS_GERADOS_TXT.csv</arg>
<doc>Logs the given message to the console.</doc>
<status status="PASS" starttime="20240102 15:42:47.128" endtime="20240102 15:42:47.129"/>
</kw>
<kw name="Log To Console" library="BuiltIn">
<arg>==============================================================================\n</arg>
<doc>Logs the given message to the console.</doc>
<status status="PASS" starttime="20240102 15:42:47.130" endtime="20240102 15:42:47.132"/>
</kw>
<kw name="Set Variable" library="BuiltIn">
<var>${ARQ_DADOS_TXT}</var>
<arg>${EXECDIR}${/}resources\\arquivos\\ARQUIVOS_DADOS_GERADOS_TXT.csv</arg>
<doc>Returns the given values which can then be assigned to a variables.</doc>
<msg timestamp="20240102 15:42:47.133" level="INFO">${ARQ_DADOS_TXT} = C:\Projetos\manipulando_arquivos_robotframework\resources\arquivos\ARQUIVOS_DADOS_GERADOS_TXT.csv</msg>
<status status="PASS" starttime="20240102 15:42:47.132" endtime="20240102 15:42:47.133"/>
</kw>
<kw name="Create File" library="OperatingSystem">
<arg>${ARQ_DADOS_TXT}</arg>
<doc>Creates a file with the given content and encoding.</doc>
<msg timestamp="20240102 15:42:47.136" level="INFO" html="true">Created file '&lt;a href="file://C:\Projetos\manipulando_arquivos_robotframework\resources\arquivos\ARQUIVOS_DADOS_GERADOS_TXT.csv"&gt;C:\Projetos\manipulando_arquivos_robotframework\resources\arquivos\ARQUIVOS_DADOS_GERADOS_TXT.csv&lt;/a&gt;'.</msg>
<status status="PASS" starttime="20240102 15:42:47.133" endtime="20240102 15:42:47.136"/>
</kw>
<kw name="Set Suite Variable" library="BuiltIn">
<arg>${ARQ_DADOS_TXT}</arg>
<doc>Makes a variable available everywhere within the scope of the current suite.</doc>
<msg timestamp="20240102 15:42:47.138" level="INFO">${ARQ_DADOS_TXT} = C:\Projetos\manipulando_arquivos_robotframework\resources\arquivos\ARQUIVOS_DADOS_GERADOS_TXT.csv</msg>
<status status="PASS" starttime="20240102 15:42:47.137" endtime="20240102 15:42:47.138"/>
</kw>
<status status="PASS" starttime="20240102 15:42:47.125" endtime="20240102 15:42:47.138"/>
</kw>
<kw name="Split String" library="String">
<var>${REGISTROS}</var>
<arg>${LIN}</arg>
<arg>,</arg>
<doc>Splits the ``string`` using ``separator`` as a delimiter string.</doc>
<msg timestamp="20240102 15:42:47.143" level="INFO">${REGISTROS} = ['2']</msg>
<status status="PASS" starttime="20240102 15:42:47.140" endtime="20240102 15:42:47.143"/>
</kw>
<for flavor="IN">
<var>${UF}</var>
<value>@{VARIAS_UFS}</value>
<iter>
<var name="${UF}">AC</var>
<kw name="Set Suite Variable" library="BuiltIn">
<arg>${UF}</arg>
<doc>Makes a variable available everywhere within the scope of the current suite.</doc>
<msg timestamp="20240102 15:42:47.154" level="INFO">${UF} = AC</msg>
<status status="PASS" starttime="20240102 15:42:47.153" endtime="20240102 15:42:47.154"/>
</kw>
<kw name="Set Suite Variable" library="BuiltIn">
<arg>${LIN}</arg>
<doc>Makes a variable available everywhere within the scope of the current suite.</doc>
<msg timestamp="20240102 15:42:47.157" level="INFO">${LIN} = 2</msg>
<status status="PASS" starttime="20240102 15:42:47.155" endtime="20240102 15:42:47.162"/>
</kw>
<kw name="Quando preparo a geração do Arquivo TXT" library="kws_gerando_arquivo_txt">
<arg>${UF}</arg>
<arg>${LIN}</arg>
<kw name="Configurar Arquivo TXT" library="arquivo_txt">
<arg>${UF}</arg>
<arg>${LIN}</arg>
<kw name="Log To Console" library="BuiltIn">
<arg>==============================================================================</arg>
<doc>Logs the given message to the console.</doc>
<status status="PASS" starttime="20240102 15:42:47.171" endtime="20240102 15:42:47.173"/>
</kw>
<kw name="Log To Console" library="BuiltIn">
<arg>Configurando arquivo TXT - Colunado</arg>
<doc>Logs the given message to the console.</doc>
<status status="PASS" starttime="20240102 15:42:47.176" endtime="20240102 15:42:47.178"/>
</kw>
<kw name="Log To Console" library="BuiltIn">
<arg>==============================================================================\n</arg>
<doc>Logs the given message to the console.</doc>
<status status="PASS" starttime="20240102 15:42:47.179" endtime="20240102 15:42:47.181"/>
</kw>
<kw name="Set Variable" library="BuiltIn">
<var>${TXT}</var>
<arg>${EXECDIR}${/}resources\\arquivos\\txt\\Arquivo_TXT_${UF}.txt</arg>
<doc>Returns the given values which can then be assigned to a variables.</doc>
<msg timestamp="20240102 15:42:47.183" level="INFO">${TXT} = C:\Projetos\manipulando_arquivos_robotframework\resources\arquivos\txt\Arquivo_TXT_AC.txt</msg>
<status status="PASS" starttime="20240102 15:42:47.182" endtime="20240102 15:42:47.183"/>
</kw>
<kw name="Create File" library="OperatingSystem">
<arg>${TXT}</arg>
<doc>Creates a file with the given content and encoding.</doc>
<msg timestamp="20240102 15:42:47.185" level="INFO" html="true">Created file '&lt;a href="file://C:\Projetos\manipulando_arquivos_robotframework\resources\arquivos\txt\Arquivo_TXT_AC.txt"&gt;C:\Projetos\manipulando_arquivos_robotframework\resources\arquivos\txt\Arquivo_TXT_AC.txt&lt;/a&gt;'.</msg>
<status status="PASS" starttime="20240102 15:42:47.183" endtime="20240102 15:42:47.185"/>
</kw>
<kw name="Gerar Data" library="kws_gerando_variaveis">
<kw name="Get Current Date" library="DateTime">
<var>${DATE}</var>
<doc>Returns current local or UTC time with an optional increment.</doc>
<msg timestamp="20240102 15:42:47.195" level="INFO">${DATE} = 2024-01-02 15:42:47.194</msg>
<status status="PASS" starttime="20240102 15:42:47.193" endtime="20240102 15:42:47.195"/>
</kw>
<kw name="Convert Date" library="DateTime">
<var>${DATE}</var>
<arg>${DATE}</arg>
<arg>result_format=%Y%m%d</arg>
<doc>Converts between supported `date formats`.</doc>
<msg timestamp="20240102 15:42:47.210" level="INFO">${DATE} = 20240102</msg>
<status status="PASS" starttime="20240102 15:42:47.196" endtime="20240102 15:42:47.210"/>
</kw>
<kw name="Convert Date" library="DateTime">
<var>${DATA_FORMATADA}</var>
<arg>${DATE}</arg>
<arg>result_format=%d/%m/%Y</arg>
<doc>Converts between supported `date formats`.</doc>
<msg timestamp="20240102 15:42:47.213" level="INFO">${DATA_FORMATADA} = 02/01/2024</msg>
<status status="PASS" starttime="20240102 15:42:47.210" endtime="20240102 15:42:47.215"/>
</kw>
<kw name="Add Time To Date" library="DateTime">
<var>${DATA_30DIAS_APOS}</var>
<arg>${DATE}</arg>
<arg>30 days</arg>
<arg>result_format=%Y%m%d</arg>
<doc>Adds time to date and returns the resulting date.</doc>
<msg timestamp="20240102 15:42:47.217" level="INFO">${DATA_30DIAS_APOS} = 20240201</msg>
<status status="PASS" starttime="20240102 15:42:47.216" endtime="20240102 15:42:47.217"/>
</kw>
<kw name="Add Time To Date" library="DateTime">
<var>${DATA_3NOS_APOS}</var>
<arg>${DATE}</arg>
<arg>1095 days</arg>
<arg>result_format=%Y%m%d</arg>
<doc>Adds time to date and returns the resulting date.</doc>
<msg timestamp="20240102 15:42:47.220" level="INFO">${DATA_3NOS_APOS} = 20270101</msg>
<status status="PASS" starttime="20240102 15:42:47.218" endtime="20240102 15:42:47.220"/>
</kw>
<kw name="Convert Date" library="DateTime">
<var>${ANO_ATUAL}</var>
<arg>${DATE}</arg>
<arg>result_format=%Y</arg>
<doc>Converts between supported `date formats`.</doc>
<msg timestamp="20240102 15:42:47.224" level="INFO">${ANO_ATUAL} = 2024</msg>
<status status="PASS" starttime="20240102 15:42:47.221" endtime="20240102 15:42:47.225"/>
</kw>
<kw name="Convert Date" library="DateTime">
<var>${DATETIME}</var>
<arg>${DATE}</arg>
<arg>result_format=%I%M</arg>
<doc>Converts between supported `date formats`.</doc>
<msg timestamp="20240102 15:42:47.228" level="INFO">${DATETIME} = 1200</msg>
<status status="PASS" starttime="20240102 15:42:47.226" endtime="20240102 15:42:47.228"/>
</kw>
<kw name="Set Suite Variable" library="BuiltIn">
<arg>${HORA_LOTE}</arg>
<arg>${DATETIME}</arg>
<doc>Makes a variable available everywhere within the scope of the current suite.</doc>
<msg timestamp="20240102 15:42:47.232" level="INFO">${HORA_LOTE} = 1200</msg>
<status status="PASS" starttime="20240102 15:42:47.228" endtime="20240102 15:42:47.232"/>
</kw>
<kw name="Set Suite Variable" library="BuiltIn">
<arg>${DATE}</arg>
<doc>Makes a variable available everywhere within the scope of the current suite.</doc>
<msg timestamp="20240102 15:42:47.237" level="INFO">${DATE} = 20240102</msg>
<status status="PASS" starttime="20240102 15:42:47.233" endtime="20240102 15:42:47.238"/>
</kw>
<kw name="Set Suite Variable" library="BuiltIn">
<arg>${DATA_FORMATADA}</arg>
<doc>Makes a variable available everywhere within the scope of the current suite.</doc>
<msg timestamp="20240102 15:42:47.240" level="INFO">${DATA_FORMATADA} = 02/01/2024</msg>
<status status="PASS" starttime="20240102 15:42:47.238" endtime="20240102 15:42:47.241"/>
</kw>
<kw name="Set Suite Variable" library="BuiltIn">
<arg>${DATA_30DIAS_APOS}</arg>
<doc>Makes a variable available everywhere within the scope of the current suite.</doc>
<msg timestamp="20240102 15:42:47.245" level="INFO">${DATA_30DIAS_APOS} = 20240201</msg>
<status status="PASS" starttime="20240102 15:42:47.242" endtime="20240102 15:42:47.246"/>
</kw>
<kw name="Set Suite Variable" library="BuiltIn">
<arg>${DATA_3NOS_APOS}</arg>
<doc>Makes a variable available everywhere within the scope of the current suite.</doc>
<msg timestamp="20240102 15:42:47.248" level="INFO">${DATA_3NOS_APOS} = 20270101</msg>
<status status="PASS" starttime="20240102 15:42:47.246" endtime="20240102 15:42:47.249"/>
</kw>
<kw name="Set Suite Variable" library="BuiltIn">
<arg>${ANO_ATUAL}</arg>
<doc>Makes a variable available everywhere within the scope of the current suite.</doc>
<msg timestamp="20240102 15:42:47.253" level="INFO">${ANO_ATUAL} = 2024</msg>
<status status="PASS" starttime="20240102 15:42:47.252" endtime="20240102 15:42:47.253"/>
</kw>
<status status="PASS" starttime="20240102 15:42:47.185" endtime="20240102 15:42:47.253"/>
</kw>
<kw name="Append To File" library="OperatingSystem">
<arg>${TXT}</arg>
<arg>11</arg>
<doc>Appends the given content to the specified file.</doc>
<msg timestamp="20240102 15:42:47.255" level="INFO" html="true">Appended to file '&lt;a href="file://C:\Projetos\manipulando_arquivos_robotframework\resources\arquivos\txt\Arquivo_TXT_AC.txt"&gt;C:\Projetos\manipulando_arquivos_robotframework\resources\arquivos\txt\Arquivo_TXT_AC.txt&lt;/a&gt;'.</msg>
<status status="PASS" starttime="20240102 15:42:47.254" endtime="20240102 15:42:47.256"/>
</kw>
<kw name="Append To File" library="OperatingSystem">
<arg>${TXT}</arg>
<arg>09109314000100</arg>
<doc>Appends the given content to the specified file.</doc>
<msg timestamp="20240102 15:42:47.262" level="INFO" html="true">Appended to file '&lt;a href="file://C:\Projetos\manipulando_arquivos_robotframework\resources\arquivos\txt\Arquivo_TXT_AC.txt"&gt;C:\Projetos\manipulando_arquivos_robotframework\resources\arquivos\txt\Arquivo_TXT_AC.txt&lt;/a&gt;'.</msg>
<status status="PASS" starttime="20240102 15:42:47.257" endtime="20240102 15:42:47.262"/>
</kw>
<kw name="Append To File" library="OperatingSystem">
<arg>${TXT}</arg>
<arg>${SPACE * 10}</arg>
<doc>Appends the given content to the specified file.</doc>
<msg timestamp="20240102 15:42:47.268" level="INFO" html="true">Appended to file '&lt;a href="file://C:\Projetos\manipulando_arquivos_robotframework\resources\arquivos\txt\Arquivo_TXT_AC.txt"&gt;C:\Projetos\manipulando_arquivos_robotframework\resources\arquivos\txt\Arquivo_TXT_AC.txt&lt;/a&gt;'.</msg>
<status status="PASS" starttime="20240102 15:42:47.263" endtime="20240102 15:42:47.269"/>
</kw>
<kw name="Append To File" library="OperatingSystem">
<arg>${TXT}</arg>
<arg>Arquivo_TXT_${UF}.txt</arg>
<doc>Appends the given content to the specified file.</doc>
<msg timestamp="20240102 15:42:47.271" level="INFO" html="true">Appended to file '&lt;a href="file://C:\Projetos\manipulando_arquivos_robotframework\resources\arquivos\txt\Arquivo_TXT_AC.txt"&gt;C:\Projetos\manipulando_arquivos_robotframework\resources\arquivos\txt\Arquivo_TXT_AC.txt&lt;/a&gt;'.</msg>
<status status="PASS" starttime="20240102 15:42:47.269" endtime="20240102 15:42:47.271"/>
</kw>
<kw name="Append To File" library="OperatingSystem">
<arg>${TXT}</arg>
<arg>${SPACE * 22}</arg>
<doc>Appends the given content to the specified file.</doc>
<msg timestamp="20240102 15:42:47.277" level="INFO" html="true">Appended to file '&lt;a href="file://C:\Projetos\manipulando_arquivos_robotframework\resources\arquivos\txt\Arquivo_TXT_AC.txt"&gt;C:\Projetos\manipulando_arquivos_robotframework\resources\arquivos\txt\Arquivo_TXT_AC.txt&lt;/a&gt;'.</msg>
<status status="PASS" starttime="20240102 15:42:47.272" endtime="20240102 15:42:47.278"/>
</kw>
<kw name="Append To File" library="OperatingSystem">
<arg>${TXT}</arg>
<arg>${DATE}</arg>
<doc>Appends the given content to the specified file.</doc>
<msg timestamp="20240102 15:42:47.280" level="INFO" html="true">Appended to file '&lt;a href="file://C:\Projetos\manipulando_arquivos_robotframework\resources\arquivos\txt\Arquivo_TXT_AC.txt"&gt;C:\Projetos\manipulando_arquivos_robotframework\resources\arquivos\txt\Arquivo_TXT_AC.txt&lt;/a&gt;'.</msg>
<status status="PASS" starttime="20240102 15:42:47.278" endtime="20240102 15:42:47.280"/>
</kw>
<kw name="Append To File" library="OperatingSystem">
<arg>${TXT}</arg>
<arg>${HORA_LOTE}00001\n</arg>
<doc>Appends the given content to the specified file.</doc>
<msg timestamp="20240102 15:42:47.286" level="INFO" html="true">Appended to file '&lt;a href="file://C:\Projetos\manipulando_arquivos_robotframework\resources\arquivos\txt\Arquivo_TXT_AC.txt"&gt;C:\Projetos\manipulando_arquivos_robotframework\resources\arquivos\txt\Arquivo_TXT_AC.txt&lt;/a&gt;'.</msg>
<status status="PASS" starttime="20240102 15:42:47.282" endtime="20240102 15:42:47.286"/>
</kw>
<kw name="Set Variable" library="BuiltIn">
<var>${x}</var>
<arg>${0}</arg>
<doc>Returns the given values which can then be assigned to a variables.</doc>
<msg timestamp="20240102 15:42:47.288" level="INFO">${x} = 0</msg>
<status status="PASS" starttime="20240102 15:42:47.286" endtime="20240102 15:42:47.288"/>
</kw>
<for flavor="IN RANGE">
<var>${i}</var>
<value>0</value>
<value>${LIN}</value>
<iter>
<var name="${i}">0</var>
<kw name="Evaluate" library="BuiltIn">
<var>${SEQ}</var>
<arg>${i} + 1</arg>
<doc>Evaluates the given expression in Python and returns the result.</doc>
<msg timestamp="20240102 15:42:47.294" level="INFO">${SEQ} = 1</msg>
<status status="PASS" starttime="20240102 15:42:47.293" endtime="20240102 15:42:47.294"/>
</kw>
<kw name="Gerar Contador Linhas Arq" library="arquivo">
<var>${NUM_LINHAS}</var>
<arg>${SEQ}</arg>
<msg timestamp="20240102 15:42:47.296" level="INFO">${NUM_LINHAS} = 0001</msg>
<status status="PASS" starttime="20240102 15:42:47.295" endtime="20240102 15:42:47.296"/>
</kw>
<kw name="Set Test Variable" library="BuiltIn">
<arg>${SEQ_LINHA_ARQ}</arg>
<arg>${NUM_LINHAS}</arg>
<doc>Makes a variable available everywhere within the scope of the current test.</doc>
<msg timestamp="20240102 15:42:47.301" level="INFO">${SEQ_LINHA_ARQ} = 0001</msg>
<status status="PASS" starttime="20240102 15:42:47.296" endtime="20240102 15:42:47.301"/>
</kw>
<kw name="Gerar Nome Empresa" library="kws_gerando_variaveis">
<kw name="Company" library="FakerLibrary">
<var>${NOME_EMPRESA_FAKE}</var>
<doc>:example 'Acme Ltd'</doc>
<msg timestamp="20240102 15:42:47.303" level="INFO">${NOME_EMPRESA_FAKE} = Nascimento</msg>
<status status="PASS" starttime="20240102 15:42:47.303" endtime="20240102 15:42:47.303"/>
</kw>
<kw name="Convert To Upper Case" library="String">
<var>${NOME_EMPRESA_FAKE}</var>
<arg>${NOME_EMPRESA_FAKE}</arg>
<doc>Converts string to upper case.</doc>
<msg timestamp="20240102 15:42:47.304" level="INFO">${NOME_EMPRESA_FAKE} = NASCIMENTO</msg>
<status status="PASS" starttime="20240102 15:42:47.304" endtime="20240102 15:42:47.304"/>
</kw>
<kw name="Remover Acentos Empresa" library="arquivo">
<var>${NOME_EMPRESA_FAKE}</var>
<arg>${NOME_EMPRESA_FAKE}</arg>
<msg timestamp="20240102 15:42:47.305" level="INFO">${NOME_EMPRESA_FAKE} = NASCIMENTO</msg>
<status status="PASS" starttime="20240102 15:42:47.305" endtime="20240102 15:42:47.306"/>
</kw>
<kw name="Set Test Variable" library="BuiltIn">
<arg>${NOME_EMPRESA_FAKE}</arg>
<doc>Makes a variable available everywhere within the scope of the current test.</doc>
<msg timestamp="20240102 15:42:47.308" level="INFO">${NOME_EMPRESA_FAKE} = NASCIMENTO</msg>
<status status="PASS" starttime="20240102 15:42:47.306" endtime="20240102 15:42:47.309"/>
</kw>
<kw name="Set Test Variable" library="BuiltIn">
<arg>${COMPL_NOME_EMPRESA}</arg>
<arg>50</arg>
<doc>Makes a variable available everywhere within the scope of the current test.</doc>
<msg timestamp="20240102 15:42:47.312" level="INFO">${COMPL_NOME_EMPRESA} = 50</msg>
<status status="PASS" starttime="20240102 15:42:47.309" endtime="20240102 15:42:47.312"/>
</kw>
<kw name="Get Length" library="BuiltIn">
<var>${EMPRESA_FAKE}</var>
<arg>${NOME_EMPRESA_FAKE}</arg>
<doc>Returns and logs the length of the given item as an integer.</doc>
<msg timestamp="20240102 15:42:47.313" level="INFO">Length is 10</msg>
<msg timestamp="20240102 15:42:47.313" level="INFO">${EMPRESA_FAKE} = 10</msg>
<status status="PASS" starttime="20240102 15:42:47.312" endtime="20240102 15:42:47.313"/>
</kw>
<kw name="Evaluate" library="BuiltIn">
<var>${EMPRESA_COMPL}</var>
<arg>${COMPL_NOME_EMPRESA} - ${EMPRESA_FAKE}</arg>
<doc>Evaluates the given expression in Python and returns the result.</doc>
<msg timestamp="20240102 15:42:47.314" level="INFO">${EMPRESA_COMPL} = 40</msg>
<status status="PASS" starttime="20240102 15:42:47.314" endtime="20240102 15:42:47.315"/>
</kw>
<kw name="Set Suite Variable" library="BuiltIn">
<arg>${NOME_EMPRESA}</arg>
<arg>${NOME_EMPRESA_FAKE}${SPACE * ${EMPRESA_COMPL}}</arg>
<doc>Makes a variable available everywhere within the scope of the current suite.</doc>
<msg timestamp="20240102 15:42:47.321" level="INFO">${NOME_EMPRESA} = NASCIMENTO                                        </msg>
<status status="PASS" starttime="20240102 15:42:47.315" endtime="20240102 15:42:47.321"/>
</kw>
<status status="PASS" starttime="20240102 15:42:47.301" endtime="20240102 15:42:47.321"/>
</kw>
<kw name="Gerar CNPJ" library="kws_gerando_variaveis">
<kw name="Cnpj" library="FakerLibrary">
<var>${CUSTOM_CNPJ}</var>
<msg timestamp="20240102 15:42:47.323" level="INFO">${CUSTOM_CNPJ} = 95.874.130/0001-60</msg>
<status status="PASS" starttime="20240102 15:42:47.322" endtime="20240102 15:42:47.323"/>
</kw>
<kw name="Remove String" library="String">
<var>${CNPJ_CUSTOM}</var>
<arg>${CUSTOM_CNPJ}</arg>
<arg>.</arg>
<arg>/</arg>
<arg>-</arg>
<doc>Removes all ``removables`` from the given ``string``.</doc>
<msg timestamp="20240102 15:42:47.323" level="INFO">${CNPJ_CUSTOM} = 95874130000160</msg>
<status status="PASS" starttime="20240102 15:42:47.323" endtime="20240102 15:42:47.323"/>
</kw>
<kw name="Set Suite Variable" library="BuiltIn">
<arg>${CNPJ_FAKE}</arg>
<arg>${CNPJ_CUSTOM}</arg>
<doc>Makes a variable available everywhere within the scope of the current suite.</doc>
<msg timestamp="20240102 15:42:47.325" level="INFO">${CNPJ_FAKE} = 95874130000160</msg>
<status status="PASS" starttime="20240102 15:42:47.324" endtime="20240102 15:42:47.325"/>
</kw>
<status status="PASS" starttime="20240102 15:42:47.322" endtime="20240102 15:42:47.325"/>
</kw>
<kw name="Gerar Endereço Empresa" library="kws_gerando_variaveis">
<kw name="Street Name" library="FakerLibrary">
<var>${ENDERECO_FAKE}</var>
<doc>:example 'Crist Parks'</doc>
<msg timestamp="20240102 15:42:47.326" level="INFO">${ENDERECO_FAKE} = Via da Paz</msg>
<status status="PASS" starttime="20240102 15:42:47.326" endtime="20240102 15:42:47.327"/>
</kw>
<kw name="Convert To Upper Case" library="String">
<var>${ENDERECO_FAKE}</var>
<arg>${ENDERECO_FAKE}</arg>
<doc>Converts string to upper case.</doc>
<msg timestamp="20240102 15:42:47.327" level="INFO">${ENDERECO_FAKE} = VIA DA PAZ</msg>
<status status="PASS" starttime="20240102 15:42:47.327" endtime="20240102 15:42:47.327"/>
</kw>
<kw name="Remover Acentos Endereco" library="arquivo">
<var>${ENDERECO_FAKE}</var>
<arg>${ENDERECO_FAKE}</arg>
<msg timestamp="20240102 15:42:47.328" level="INFO">${ENDERECO_FAKE} = VIA DA PAZ</msg>
<status status="PASS" starttime="20240102 15:42:47.328" endtime="20240102 15:42:47.329"/>
</kw>
<kw name="Set Suite Variable" library="BuiltIn">
<arg>${ENDERECO_FAKE}</arg>
<doc>Makes a variable available everywhere within the scope of the current suite.</doc>
<msg timestamp="20240102 15:42:47.330" level="INFO">${ENDERECO_FAKE} = VIA DA PAZ</msg>
<status status="PASS" starttime="20240102 15:42:47.329" endtime="20240102 15:42:47.330"/>
</kw>
<kw name="Set Test Variable" library="BuiltIn">
<arg>${COMPL_ENDERECO_EMPRESA}</arg>
<arg>50</arg>
<doc>Makes a variable available everywhere within the scope of the current test.</doc>
<msg timestamp="20240102 15:42:47.334" level="INFO">${COMPL_ENDERECO_EMPRESA} = 50</msg>
<status status="PASS" starttime="20240102 15:42:47.330" endtime="20240102 15:42:47.334"/>
</kw>
<kw name="Get Length" library="BuiltIn">
<var>${ENDERECO_EMPRESA_FAKE}</var>
<arg>${ENDERECO_FAKE}</arg>
<doc>Returns and logs the length of the given item as an integer.</doc>
<msg timestamp="20240102 15:42:47.335" level="INFO">Length is 10</msg>
<msg timestamp="20240102 15:42:47.336" level="INFO">${ENDERECO_EMPRESA_FAKE} = 10</msg>
<status status="PASS" starttime="20240102 15:42:47.334" endtime="20240102 15:42:47.336"/>
</kw>
<kw name="Evaluate" library="BuiltIn">
<var>${ENDERECO_EMPRESA_COMPL}</var>
<arg>${COMPL_ENDERECO_EMPRESA} - ${ENDERECO_EMPRESA_FAKE}</arg>
<doc>Evaluates the given expression in Python and returns the result.</doc>
<msg timestamp="20240102 15:42:47.337" level="INFO">${ENDERECO_EMPRESA_COMPL} = 40</msg>
<status status="PASS" starttime="20240102 15:42:47.336" endtime="20240102 15:42:47.337"/>
</kw>
<kw name="Set Suite Variable" library="BuiltIn">
<arg>${ENDERECO_EMPRESA}</arg>
<arg>${ENDERECO_FAKE}${SPACE * ${ENDERECO_EMPRESA_COMPL}}</arg>
<doc>Makes a variable available everywhere within the scope of the current suite.</doc>
<msg timestamp="20240102 15:42:47.340" level="INFO">${ENDERECO_EMPRESA} = VIA DA PAZ                                        </msg>
<status status="PASS" starttime="20240102 15:42:47.338" endtime="20240102 15:42:47.340"/>
</kw>
<status status="PASS" starttime="20240102 15:42:47.325" endtime="20240102 15:42:47.341"/>
</kw>
<kw name="Gerar Número Empresa" library="kws_gerando_variaveis">
<kw name="Generate Random String" library="String">
<var>${RANDOM_NUMBER}</var>
<arg>4</arg>
<arg>[NUMBERS]</arg>
<doc>Generates a string with a desired ``length`` from the given ``chars``.</doc>
<msg timestamp="20240102 15:42:47.342" level="INFO">${RANDOM_NUMBER} = 7463</msg>
<status status="PASS" starttime="20240102 15:42:47.342" endtime="20240102 15:42:47.342"/>
</kw>
<kw name="Set Suite Variable" library="BuiltIn">
<arg>${NUMERO_FAKE}</arg>
<arg>${RANDOM_NUMBER}</arg>
<doc>Makes a variable available everywhere within the scope of the current suite.</doc>
<msg timestamp="20240102 15:42:47.345" level="INFO">${NUMERO_FAKE} = 7463</msg>
<status status="PASS" starttime="20240102 15:42:47.342" endtime="20240102 15:42:47.345"/>
</kw>
<status status="PASS" starttime="20240102 15:42:47.341" endtime="20240102 15:42:47.345"/>
</kw>
<kw name="Gerar Complemento Endereço Empresa" library="kws_gerando_variaveis">
<kw name="Generate Random String" library="String">
<var>${RANDOM_NUMBER}</var>
<arg>2</arg>
<arg>[NUMBERS]</arg>
<doc>Generates a string with a desired ``length`` from the given ``chars``.</doc>
<msg timestamp="20240102 15:42:47.346" level="INFO">${RANDOM_NUMBER} = 41</msg>
<status status="PASS" starttime="20240102 15:42:47.346" endtime="20240102 15:42:47.346"/>
</kw>
<kw name="Set Suite Variable" library="BuiltIn">
<arg>${COMPL_NUM_EMPRESA}</arg>
<arg>LOJA 0${RANDOM_NUMBER}</arg>
<doc>Makes a variable available everywhere within the scope of the current suite.</doc>
<msg timestamp="20240102 15:42:47.349" level="INFO">${COMPL_NUM_EMPRESA} = LOJA 041</msg>
<status status="PASS" starttime="20240102 15:42:47.346" endtime="20240102 15:42:47.349"/>
</kw>
<status status="PASS" starttime="20240102 15:42:47.345" endtime="20240102 15:42:47.350"/>
</kw>
<kw name="Gerar Bairro Empresa" library="kws_gerando_variaveis">
<kw name="City" library="FakerLibrary">
<var>${BAIRRO_FAKE}</var>
<doc>:example 'Sashabury'</doc>
<msg timestamp="20240102 15:42:47.353" level="INFO">${BAIRRO_FAKE} = Silva Grande</msg>
<status status="PASS" starttime="20240102 15:42:47.351" endtime="20240102 15:42:47.353"/>
</kw>
<kw name="Convert To Upper Case" library="String">
<var>${BAIRRO_FAKE}</var>
<arg>${BAIRRO_FAKE}</arg>
<doc>Converts string to upper case.</doc>
<msg timestamp="20240102 15:42:47.354" level="INFO">${BAIRRO_FAKE} = SILVA GRANDE</msg>
<status status="PASS" starttime="20240102 15:42:47.354" endtime="20240102 15:42:47.354"/>
</kw>
<kw name="Remover Acentos Endereco" library="arquivo">
<var>${BAIRRO_FAKE}</var>
<arg>${BAIRRO_FAKE}</arg>
<msg timestamp="20240102 15:42:47.355" level="INFO">${BAIRRO_FAKE} = SILVA GRANDE</msg>
<status status="PASS" starttime="20240102 15:42:47.354" endtime="20240102 15:42:47.355"/>
</kw>
<kw name="Set Suite Variable" library="BuiltIn">
<arg>${BAIRRO_FAKE}</arg>
<doc>Makes a variable available everywhere within the scope of the current suite.</doc>
<msg timestamp="20240102 15:42:47.355" level="INFO">${BAIRRO_FAKE} = SILVA GRANDE</msg>
<status status="PASS" starttime="20240102 15:42:47.355" endtime="20240102 15:42:47.355"/>
</kw>
<kw name="Set Test Variable" library="BuiltIn">
<arg>${COMPL_ENDERECO_EMPRESA}</arg>
<arg>30</arg>
<doc>Makes a variable available everywhere within the scope of the current test.</doc>
<msg timestamp="20240102 15:42:47.356" level="INFO">${COMPL_ENDERECO_EMPRESA} = 30</msg>
<status status="PASS" starttime="20240102 15:42:47.356" endtime="20240102 15:42:47.356"/>
</kw>
<kw name="Get Length" library="BuiltIn">
<var>${BAIRRO_EMPRESA_FAKE}</var>
<arg>${BAIRRO_FAKE}</arg>
<doc>Returns and logs the length of the given item as an integer.</doc>
<msg timestamp="20240102 15:42:47.357" level="INFO">Length is 12</msg>
<msg timestamp="20240102 15:42:47.357" level="INFO">${BAIRRO_EMPRESA_FAKE} = 12</msg>
<status status="PASS" starttime="20240102 15:42:47.356" endtime="20240102 15:42:47.357"/>
</kw>
<kw name="Evaluate" library="BuiltIn">
<var>${BAIRRO_EMPRESA_COMPL}</var>
<arg>${COMPL_ENDERECO_EMPRESA} - ${BAIRRO_EMPRESA_FAKE}</arg>
<doc>Evaluates the given expression in Python and returns the result.</doc>
<msg timestamp="20240102 15:42:47.357" level="INFO">${BAIRRO_EMPRESA_COMPL} = 18</msg>
<status status="PASS" starttime="20240102 15:42:47.357" endtime="20240102 15:42:47.357"/>
</kw>
<kw name="Set Suite Variable" library="BuiltIn">
<arg>${BAIRRO_EMPRESA}</arg>
<arg>${BAIRRO_FAKE}${SPACE * ${BAIRRO_EMPRESA_COMPL}}</arg>
<doc>Makes a variable available everywhere within the scope of the current suite.</doc>
<msg timestamp="20240102 15:42:47.360" level="INFO">${BAIRRO_EMPRESA} = SILVA GRANDE                  </msg>
<status status="PASS" starttime="20240102 15:42:47.358" endtime="20240102 15:42:47.360"/>
</kw>
<status status="PASS" starttime="20240102 15:42:47.350" endtime="20240102 15:42:47.360"/>
</kw>
<kw name="Gerar Cidade Empresa" library="kws_gerando_variaveis">
<arg>${UF}</arg>
<kw name="Set Suite Variable" library="BuiltIn">
<arg>${CIDADE_EMPRESA_FIXO}</arg>
<arg>${REG.NomeMunicipioEsperado_${UF}}</arg>
<doc>Makes a variable available everywhere within the scope of the current suite.</doc>
<msg timestamp="20240102 15:42:47.365" level="INFO">${CIDADE_EMPRESA_FIXO} = RIO BRANCO</msg>
<status status="PASS" starttime="20240102 15:42:47.361" endtime="20240102 15:42:47.365"/>
</kw>
<kw name="Set Test Variable" library="BuiltIn">
<arg>${COMPL_MUNICPIO_EMPRESA}</arg>
<arg>30</arg>
<doc>Makes a variable available everywhere within the scope of the current test.</doc>
<msg timestamp="20240102 15:42:47.367" level="INFO">${COMPL_MUNICPIO_EMPRESA} = 30</msg>
<status status="PASS" starttime="20240102 15:42:47.365" endtime="20240102 15:42:47.367"/>
</kw>
<kw name="Get Length" library="BuiltIn">
<var>${CIDADE_EMPRESA_COUNT}</var>
<arg>${CIDADE_EMPRESA_FIXO}</arg>
<doc>Returns and logs the length of the given item as an integer.</doc>
<msg timestamp="20240102 15:42:47.368" level="INFO">Length is 10</msg>
<msg timestamp="20240102 15:42:47.368" level="INFO">${CIDADE_EMPRESA_COUNT} = 10</msg>
<status status="PASS" starttime="20240102 15:42:47.367" endtime="20240102 15:42:47.368"/>
</kw>
<kw name="Evaluate" library="BuiltIn">
<var>${CIDADE_EMPRESA_QTD}</var>
<arg>${COMPL_MUNICPIO_EMPRESA} - ${CIDADE_EMPRESA_COUNT}</arg>
<doc>Evaluates the given expression in Python and returns the result.</doc>
<msg timestamp="20240102 15:42:47.370" level="INFO">${CIDADE_EMPRESA_QTD} = 20</msg>
<status status="PASS" starttime="20240102 15:42:47.369" endtime="20240102 15:42:47.370"/>
</kw>
<kw name="Set Suite Variable" library="BuiltIn">
<arg>${CIDADE_EMPRESA}</arg>
<arg>${CIDADE_EMPRESA_FIXO}${SPACE * ${CIDADE_EMPRESA_QTD}}</arg>
<doc>Makes a variable available everywhere within the scope of the current suite.</doc>
<msg timestamp="20240102 15:42:47.373" level="INFO">${CIDADE_EMPRESA} = RIO BRANCO                    </msg>
<status status="PASS" starttime="20240102 15:42:47.370" endtime="20240102 15:42:47.373"/>
</kw>
<status status="PASS" starttime="20240102 15:42:47.361" endtime="20240102 15:42:47.373"/>
</kw>
<kw name="Gerar Telefone Empresa" library="kws_gerando_variaveis">
<arg>${UF}</arg>
<kw name="Generate Random String" library="String">
<var>${RANDOM_NUMBER}</var>
<arg>8</arg>
<arg>[NUMBERS]</arg>
<doc>Generates a string with a desired ``length`` from the given ``chars``.</doc>
<msg timestamp="20240102 15:42:47.374" level="INFO">${RANDOM_NUMBER} = 70558450</msg>
<status status="PASS" starttime="20240102 15:42:47.374" endtime="20240102 15:42:47.374"/>
</kw>
<kw name="Envia Uf Telefone" library="arquivo">
<var>${DDD}</var>
<arg>${UF}</arg>
<msg timestamp="20240102 15:42:47.375" level="INFO">${DDD} = 68</msg>
<status status="PASS" starttime="20240102 15:42:47.374" endtime="20240102 15:42:47.375"/>
</kw>
<kw name="Set Suite Variable" library="BuiltIn">
<arg>${TELEFONE_EMPRESA}</arg>
<arg>${DDD}9${RANDOM_NUMBER}</arg>
<doc>Makes a variable available everywhere within the scope of the current suite.</doc>
<msg timestamp="20240102 15:42:47.377" level="INFO">${TELEFONE_EMPRESA} = 68970558450</msg>
<status status="PASS" starttime="20240102 15:42:47.375" endtime="20240102 15:42:47.378"/>
</kw>
<status status="PASS" starttime="20240102 15:42:47.373" endtime="20240102 15:42:47.378"/>
</kw>
<kw name="Gerar Número Contrato" library="kws_gerando_variaveis">
<kw name="Generate Random String" library="String">
<var>${RANDOM_NUMBER}</var>
<arg>11</arg>
<arg>[NUMBERS]</arg>
<doc>Generates a string with a desired ``length`` from the given ``chars``.</doc>
<msg timestamp="20240102 15:42:47.379" level="INFO">${RANDOM_NUMBER} = 19362154637</msg>
<status status="PASS" starttime="20240102 15:42:47.378" endtime="20240102 15:42:47.379"/>
</kw>
<kw name="Set Suite Variable" library="BuiltIn">
<arg>${NUM_CONTRATO}</arg>
<arg>${RANDOM_NUMBER}</arg>
<doc>Makes a variable available everywhere within the scope of the current suite.</doc>
<msg timestamp="20240102 15:42:47.382" level="INFO">${NUM_CONTRATO} = 19362154637</msg>
<status status="PASS" starttime="20240102 15:42:47.379" endtime="20240102 15:42:47.382"/>
</kw>
<status status="PASS" starttime="20240102 15:42:47.378" endtime="20240102 15:42:47.382"/>
</kw>
<kw name="Gerar Nome e Email Devedor" library="kws_gerando_variaveis">
<kw name="First Name" library="FakerLibrary">
<var>${PRI_NOME_USUARIO}</var>
<msg timestamp="20240102 15:42:47.383" level="INFO">${PRI_NOME_USUARIO} = Daniel</msg>
<status status="PASS" starttime="20240102 15:42:47.383" endtime="20240102 15:42:47.383"/>
</kw>
<kw name="Convert To Upper Case" library="String">
<var>${PRI_NOME_USUARIO}</var>
<arg>${PRI_NOME_USUARIO}</arg>
<doc>Converts string to upper case.</doc>
<msg timestamp="20240102 15:42:47.384" level="INFO">${PRI_NOME_USUARIO} = DANIEL</msg>
<status status="PASS" starttime="20240102 15:42:47.383" endtime="20240102 15:42:47.384"/>
</kw>
<kw name="Last Name" library="FakerLibrary">
<var>${ULT_NOME_USUARIO}</var>
<msg timestamp="20240102 15:42:47.385" level="INFO">${ULT_NOME_USUARIO} = Melo</msg>
<status status="PASS" starttime="20240102 15:42:47.385" endtime="20240102 15:42:47.385"/>
</kw>
<kw name="Convert To Upper Case" library="String">
<var>${ULT_NOME_USUARIO}</var>
<arg>${ULT_NOME_USUARIO}</arg>
<doc>Converts string to upper case.</doc>
<msg timestamp="20240102 15:42:47.386" level="INFO">${ULT_NOME_USUARIO} = MELO</msg>
<status status="PASS" starttime="20240102 15:42:47.386" endtime="20240102 15:42:47.386"/>
</kw>
<kw name="Set Test Variable" library="BuiltIn">
<arg>${NOMEDEVEDOR}</arg>
<arg>${PRI_NOME_USUARIO} ${ULT_NOME_USUARIO}</arg>
<doc>Makes a variable available everywhere within the scope of the current test.</doc>
<msg timestamp="20240102 15:42:47.388" level="INFO">${NOMEDEVEDOR} = DANIEL MELO</msg>
<status status="PASS" starttime="20240102 15:42:47.386" endtime="20240102 15:42:47.388"/>
</kw>
<kw name="Remover Acentos Nome" library="arquivo">
<var>${NOMEDEVEDOR}</var>
<arg>${NOMEDEVEDOR}</arg>
<msg timestamp="20240102 15:42:47.389" level="INFO">${NOMEDEVEDOR} = DANIEL MELO</msg>
<status status="PASS" starttime="20240102 15:42:47.388" endtime="20240102 15:42:47.389"/>
</kw>
<kw name="Set Suite Variable" library="BuiltIn">
<arg>${NOME_DEVEDOR}</arg>
<arg>${NOMEDEVEDOR}</arg>
<doc>Makes a variable available everywhere within the scope of the current suite.</doc>
<msg timestamp="20240102 15:42:47.389" level="INFO">${NOME_DEVEDOR} = DANIEL MELO</msg>
<status status="PASS" starttime="20240102 15:42:47.389" endtime="20240102 15:42:47.389"/>
</kw>
<kw name="Set Test Variable" library="BuiltIn">
<arg>${COMPL_NOME_DEVEDOR}</arg>
<arg>40</arg>
<doc>Makes a variable available everywhere within the scope of the current test.</doc>
<msg timestamp="20240102 15:42:47.391" level="INFO">${COMPL_NOME_DEVEDOR} = 40</msg>
<status status="PASS" starttime="20240102 15:42:47.390" endtime="20240102 15:42:47.391"/>
</kw>
<kw name="Get Length" library="BuiltIn">
<var>${DEVEDOR_NOME_COMPL}</var>
<arg>${NOME_DEVEDOR}</arg>
<doc>Returns and logs the length of the given item as an integer.</doc>
<msg timestamp="20240102 15:42:47.392" level="INFO">Length is 11</msg>
<msg timestamp="20240102 15:42:47.392" level="INFO">${DEVEDOR_NOME_COMPL} = 11</msg>
<status status="PASS" starttime="20240102 15:42:47.392" endtime="20240102 15:42:47.392"/>
</kw>
<kw name="Evaluate" library="BuiltIn">
<var>${COMPL_DEVEDOR}</var>
<arg>${COMPL_NOME_DEVEDOR} - ${DEVEDOR_NOME_COMPL}</arg>
<doc>Evaluates the given expression in Python and returns the result.</doc>
<msg timestamp="20240102 15:42:47.393" level="INFO">${COMPL_DEVEDOR} = 29</msg>
<status status="PASS" starttime="20240102 15:42:47.393" endtime="20240102 15:42:47.393"/>
</kw>
<kw name="Set Suite Variable" library="BuiltIn">
<arg>${NOME_DEVEDOR_FAKE}</arg>
<arg>${NOME_DEVEDOR}${SPACE * ${COMPL_DEVEDOR}}</arg>
<doc>Makes a variable available everywhere within the scope of the current suite.</doc>
<msg timestamp="20240102 15:42:47.396" level="INFO">${NOME_DEVEDOR_FAKE} = DANIEL MELO                             </msg>
<status status="PASS" starttime="20240102 15:42:47.394" endtime="20240102 15:42:47.396"/>
</kw>
<kw name="Remove String" library="String">
<var>${PRINOME_USUARIO}</var>
<arg>${PRI_NOME_USUARIO}</arg>
<arg>${SPACE * 1}</arg>
<doc>Removes all ``removables`` from the given ``string``.</doc>
<msg timestamp="20240102 15:42:47.399" level="INFO">${PRINOME_USUARIO} = DANIEL</msg>
<status status="PASS" starttime="20240102 15:42:47.397" endtime="20240102 15:42:47.399"/>
</kw>
<kw name="Set Suite Variable" library="BuiltIn">
<arg>${PRINOME_USUARIO}</arg>
<doc>Makes a variable available everywhere within the scope of the current suite.</doc>
<msg timestamp="20240102 15:42:47.400" level="INFO">${PRINOME_USUARIO} = DANIEL</msg>
<status status="PASS" starttime="20240102 15:42:47.399" endtime="20240102 15:42:47.400"/>
</kw>
<kw name="Remove String" library="String">
<var>${ULTNOME_USUARIO}</var>
<arg>${ULT_NOME_USUARIO}</arg>
<arg>${SPACE * 1}</arg>
<doc>Removes all ``removables`` from the given ``string``.</doc>
<msg timestamp="20240102 15:42:47.403" level="INFO">${ULTNOME_USUARIO} = MELO</msg>
<status status="PASS" starttime="20240102 15:42:47.400" endtime="20240102 15:42:47.403"/>
</kw>
<kw name="Set Suite Variable" library="BuiltIn">
<arg>${ULTNOME_USUARIO}</arg>
<doc>Makes a variable available everywhere within the scope of the current suite.</doc>
<msg timestamp="20240102 15:42:47.404" level="INFO">${ULTNOME_USUARIO} = MELO</msg>
<status status="PASS" starttime="20240102 15:42:47.404" endtime="20240102 15:42:47.404"/>
</kw>
<kw name="Set Test Variable" library="BuiltIn">
<arg>${EMAILDEVEDOR}</arg>
<arg>${PRINOME_USUARIO}.${ULTNOME_USUARIO}@gmail.com</arg>
<doc>Makes a variable available everywhere within the scope of the current test.</doc>
<msg timestamp="20240102 15:42:47.407" level="INFO">${EMAILDEVEDOR} = DANIEL.MELO@gmail.com</msg>
<status status="PASS" starttime="20240102 15:42:47.405" endtime="20240102 15:42:47.407"/>
</kw>
<kw name="Convert To Lower Case" library="String">
<var>${EMAILDEVEDOR}</var>
<arg>${EMAILDEVEDOR}</arg>
<doc>Converts string to lower case.</doc>
<msg timestamp="20240102 15:42:47.409" level="INFO">${EMAILDEVEDOR} = daniel.melo@gmail.com</msg>
<status status="PASS" starttime="20240102 15:42:47.408" endtime="20240102 15:42:47.409"/>
</kw>
<kw name="Set Suite Variable" library="BuiltIn">
<arg>${EMAIL_DEVEDOR}</arg>
<arg>${EMAILDEVEDOR}</arg>
<doc>Makes a variable available everywhere within the scope of the current suite.</doc>
<msg timestamp="20240102 15:42:47.409" level="INFO">${EMAIL_DEVEDOR} = daniel.melo@gmail.com</msg>
<status status="PASS" starttime="20240102 15:42:47.409" endtime="20240102 15:42:47.409"/>
</kw>
<status status="PASS" starttime="20240102 15:42:47.382" endtime="20240102 15:42:47.409"/>
</kw>
<kw name="Gerar CPF" library="kws_gerando_variaveis">
<kw name="Cpf" library="FakerLibrary">
<var>${CUSTOM_CPF}</var>
<msg timestamp="20240102 15:42:47.410" level="INFO">${CUSTOM_CPF} = 438.071.259-14</msg>
<status status="PASS" starttime="20240102 15:42:47.410" endtime="20240102 15:42:47.410"/>
</kw>
<kw name="Remove String" library="String">
<var>${CPF_CUSTOM}</var>
<arg>${CUSTOM_CPF}</arg>
<arg>.</arg>
<arg>-</arg>
<doc>Removes all ``removables`` from the given ``string``.</doc>
<msg timestamp="20240102 15:42:47.412" level="INFO">${CPF_CUSTOM} = 43807125914</msg>
<status status="PASS" starttime="20240102 15:42:47.411" endtime="20240102 15:42:47.412"/>
</kw>
<kw name="Set Suite Variable" library="BuiltIn">
<arg>${CPF_FAKE}</arg>
<arg>${CPF_CUSTOM}</arg>
<doc>Makes a variable available everywhere within the scope of the current suite.</doc>
<msg timestamp="20240102 15:42:47.414" level="INFO">${CPF_FAKE} = 43807125914</msg>
<status status="PASS" starttime="20240102 15:42:47.412" endtime="20240102 15:42:47.414"/>
</kw>
<status status="PASS" starttime="20240102 15:42:47.410" endtime="20240102 15:42:47.414"/>
</kw>
<kw name="Gerar Endereço Devedor" library="kws_gerando_variaveis">
<kw name="Street Name" library="FakerLibrary">
<var>${ENDERECO_DEV_FAKE}</var>
<doc>:example 'Crist Parks'</doc>
<msg timestamp="20240102 15:42:47.416" level="INFO">${ENDERECO_DEV_FAKE} = Avenida Juan Carvalho</msg>
<status status="PASS" starttime="20240102 15:42:47.415" endtime="20240102 15:42:47.416"/>
</kw>
<kw name="Convert To Upper Case" library="String">
<var>${ENDERECO_DEV_FAKE}</var>
<arg>${ENDERECO_DEV_FAKE}</arg>
<doc>Converts string to upper case.</doc>
<msg timestamp="20240102 15:42:47.416" level="INFO">${ENDERECO_DEV_FAKE} = AVENIDA JUAN CARVALHO</msg>
<status status="PASS" starttime="20240102 15:42:47.416" endtime="20240102 15:42:47.416"/>
</kw>
<kw name="Remover Acentos Endereco" library="arquivo">
<var>${ENDERECO_DEV_FAKE}</var>
<arg>${ENDERECO_DEV_FAKE}</arg>
<msg timestamp="20240102 15:42:47.418" level="INFO">${ENDERECO_DEV_FAKE} = AVENIDA JUAN CARVALHO</msg>
<status status="PASS" starttime="20240102 15:42:47.417" endtime="20240102 15:42:47.418"/>
</kw>
<kw name="Set Suite Variable" library="BuiltIn">
<arg>${ENDERECO_DEV_FAKE}</arg>
<doc>Makes a variable available everywhere within the scope of the current suite.</doc>
<msg timestamp="20240102 15:42:47.419" level="INFO">${ENDERECO_DEV_FAKE} = AVENIDA JUAN CARVALHO</msg>
<status status="PASS" starttime="20240102 15:42:47.418" endtime="20240102 15:42:47.419"/>
</kw>
<kw name="Set Test Variable" library="BuiltIn">
<arg>${COMPL_ENDERECO_DEVEDOR}</arg>
<arg>50</arg>
<doc>Makes a variable available everywhere within the scope of the current test.</doc>
<msg timestamp="20240102 15:42:47.421" level="INFO">${COMPL_ENDERECO_DEVEDOR} = 50</msg>
<status status="PASS" starttime="20240102 15:42:47.419" endtime="20240102 15:42:47.421"/>
</kw>
<kw name="Get Length" library="BuiltIn">
<var>${DEVEDOR_NOME_COMPL}</var>
<arg>${ENDERECO_DEV_FAKE}</arg>
<doc>Returns and logs the length of the given item as an integer.</doc>
<msg timestamp="20240102 15:42:47.422" level="INFO">Length is 21</msg>
<msg timestamp="20240102 15:42:47.422" level="INFO">${DEVEDOR_NOME_COMPL} = 21</msg>
<status status="PASS" starttime="20240102 15:42:47.422" endtime="20240102 15:42:47.422"/>
</kw>
<kw name="Evaluate" library="BuiltIn">
<var>${COMPL_DEVEDOR}</var>
<arg>${COMPL_ENDERECO_DEVEDOR} - ${DEVEDOR_NOME_COMPL}</arg>
<doc>Evaluates the given expression in Python and returns the result.</doc>
<msg timestamp="20240102 15:42:47.423" level="INFO">${COMPL_DEVEDOR} = 29</msg>
<status status="PASS" starttime="20240102 15:42:47.422" endtime="20240102 15:42:47.423"/>
</kw>
<kw name="Set Suite Variable" library="BuiltIn">
<arg>${ENDERECO_DEVEDOR}</arg>
<arg>${ENDERECO_DEV_FAKE}${SPACE * ${COMPL_DEVEDOR}}</arg>
<doc>Makes a variable available everywhere within the scope of the current suite.</doc>
<msg timestamp="20240102 15:42:47.427" level="INFO">${ENDERECO_DEVEDOR} = AVENIDA JUAN CARVALHO                             </msg>
<status status="PASS" starttime="20240102 15:42:47.423" endtime="20240102 15:42:47.427"/>
</kw>
<status status="PASS" starttime="20240102 15:42:47.414" endtime="20240102 15:42:47.427"/>
</kw>
<kw name="Gerar Número Endereço Devedor" library="kws_gerando_variaveis">
<kw name="Generate Random String" library="String">
<var>${RANDOM_NUMBER}</var>
<arg>3</arg>
<arg>[NUMBERS]</arg>
<doc>Generates a string with a desired ``length`` from the given ``chars``.</doc>
<msg timestamp="20240102 15:42:47.428" level="INFO">${RANDOM_NUMBER} = 166</msg>
<status status="PASS" starttime="20240102 15:42:47.428" endtime="20240102 15:42:47.429"/>
</kw>
<kw name="Set Suite Variable" library="BuiltIn">
<arg>${NUMERO_ENDERECO_DEVEDOR}</arg>
<arg>${RANDOM_NUMBER}</arg>
<doc>Makes a variable available everywhere within the scope of the current suite.</doc>
<msg timestamp="20240102 15:42:47.430" level="INFO">${NUMERO_ENDERECO_DEVEDOR} = 166</msg>
<status status="PASS" starttime="20240102 15:42:47.429" endtime="20240102 15:42:47.430"/>
</kw>
<status status="PASS" starttime="20240102 15:42:47.427" endtime="20240102 15:42:47.431"/>
</kw>
<kw name="Gerar Bairro Devedor" library="kws_gerando_variaveis">
<kw name="Country" library="FakerLibrary">
<var>${BAIRRO_DEV_FAKE}</var>
<msg timestamp="20240102 15:42:47.433" level="INFO">${BAIRRO_DEV_FAKE} = São Marinho</msg>
<status status="PASS" starttime="20240102 15:42:47.432" endtime="20240102 15:42:47.433"/>
</kw>
<kw name="Convert To Upper Case" library="String">
<var>${BAIRRO_DEV_FAKE}</var>
<arg>${BAIRRO_DEV_FAKE}</arg>
<doc>Converts string to upper case.</doc>
<msg timestamp="20240102 15:42:47.434" level="INFO">${BAIRRO_DEV_FAKE} = SÃO MARINHO</msg>
<status status="PASS" starttime="20240102 15:42:47.433" endtime="20240102 15:42:47.434"/>
</kw>
<kw name="Remover Acentos Endereco" library="arquivo">
<var>${BAIRRO_DEV_FAKE}</var>
<arg>${BAIRRO_DEV_FAKE}</arg>
<msg timestamp="20240102 15:42:47.435" level="INFO">${BAIRRO_DEV_FAKE} = SAO MARINHO</msg>
<status status="PASS" starttime="20240102 15:42:47.435" endtime="20240102 15:42:47.435"/>
</kw>
<kw name="Set Suite Variable" library="BuiltIn">
<arg>${BAIRRO_DEV_FAKE}</arg>
<doc>Makes a variable available everywhere within the scope of the current suite.</doc>
<msg timestamp="20240102 15:42:47.436" level="INFO">${BAIRRO_DEV_FAKE} = SAO MARINHO</msg>
<status status="PASS" starttime="20240102 15:42:47.436" endtime="20240102 15:42:47.437"/>
</kw>
<kw name="Set Test Variable" library="BuiltIn">
<arg>${COMPL_ENDERECO_DEVEDOR}</arg>
<arg>30</arg>
<doc>Makes a variable available everywhere within the scope of the current test.</doc>
<msg timestamp="20240102 15:42:47.437" level="INFO">${COMPL_ENDERECO_DEVEDOR} = 30</msg>
<status status="PASS" starttime="20240102 15:42:47.437" endtime="20240102 15:42:47.437"/>
</kw>
<kw name="Get Length" library="BuiltIn">
<var>${BAIRRO_DEVEDOR_FAKE}</var>
<arg>${BAIRRO_DEV_FAKE}</arg>
<doc>Returns and logs the length of the given item as an integer.</doc>
<msg timestamp="20240102 15:42:47.438" level="INFO">Length is 11</msg>
<msg timestamp="20240102 15:42:47.438" level="INFO">${BAIRRO_DEVEDOR_FAKE} = 11</msg>
<status status="PASS" starttime="20240102 15:42:47.438" endtime="20240102 15:42:47.438"/>
</kw>
<kw name="Evaluate" library="BuiltIn">
<var>${BAIRRO_DEVEDOR_COMPL}</var>
<arg>${COMPL_ENDERECO_DEVEDOR} - ${BAIRRO_DEVEDOR_FAKE}</arg>
<doc>Evaluates the given expression in Python and returns the result.</doc>
<msg timestamp="20240102 15:42:47.439" level="INFO">${BAIRRO_DEVEDOR_COMPL} = 19</msg>
<status status="PASS" starttime="20240102 15:42:47.438" endtime="20240102 15:42:47.439"/>
</kw>
<kw name="Set Suite Variable" library="BuiltIn">
<arg>${BAIRRO_DEVEDOR}</arg>
<arg>${BAIRRO_DEV_FAKE}${SPACE * ${BAIRRO_DEVEDOR_COMPL}}</arg>
<doc>Makes a variable available everywhere within the scope of the current suite.</doc>
<msg timestamp="20240102 15:42:47.442" level="INFO">${BAIRRO_DEVEDOR} = SAO MARINHO                   </msg>
<status status="PASS" starttime="20240102 15:42:47.439" endtime="20240102 15:42:47.442"/>
</kw>
<status status="PASS" starttime="20240102 15:42:47.431" endtime="20240102 15:42:47.442"/>
</kw>
<kw name="Gerar Cidade Devedor" library="kws_gerando_variaveis">
<arg>${UF}</arg>
<kw name="Set Suite Variable" library="BuiltIn">
<arg>${CIDADE_DEVEDOR_FIXO}</arg>
<arg>${REG.NomeMunicipioEsperado_${UF}}</arg>
<doc>Makes a variable available everywhere within the scope of the current suite.</doc>
<msg timestamp="20240102 15:42:47.447" level="INFO">${CIDADE_DEVEDOR_FIXO} = RIO BRANCO</msg>
<status status="PASS" starttime="20240102 15:42:47.443" endtime="20240102 15:42:47.447"/>
</kw>
<kw name="Set Test Variable" library="BuiltIn">
<arg>${COMPL_MUNICPIO_DEVEDOR}</arg>
<arg>30</arg>
<doc>Makes a variable available everywhere within the scope of the current test.</doc>
<msg timestamp="20240102 15:42:47.450" level="INFO">${COMPL_MUNICPIO_DEVEDOR} = 30</msg>
<status status="PASS" starttime="20240102 15:42:47.447" endtime="20240102 15:42:47.451"/>
</kw>
<kw name="Get Length" library="BuiltIn">
<var>${CIDADE_DEVEDOR_COUNT}</var>
<arg>${CIDADE_DEVEDOR_FIXO}</arg>
<doc>Returns and logs the length of the given item as an integer.</doc>
<msg timestamp="20240102 15:42:47.452" level="INFO">Length is 10</msg>
<msg timestamp="20240102 15:42:47.452" level="INFO">${CIDADE_DEVEDOR_COUNT} = 10</msg>
<status status="PASS" starttime="20240102 15:42:47.451" endtime="20240102 15:42:47.452"/>
</kw>
<kw name="Evaluate" library="BuiltIn">
<var>${CIDADE_DEVEDOR_QTD}</var>
<arg>${COMPL_MUNICPIO_DEVEDOR} - ${CIDADE_DEVEDOR_COUNT}</arg>
<doc>Evaluates the given expression in Python and returns the result.</doc>
<msg timestamp="20240102 15:42:47.453" level="INFO">${CIDADE_DEVEDOR_QTD} = 20</msg>
<status status="PASS" starttime="20240102 15:42:47.452" endtime="20240102 15:42:47.454"/>
</kw>
<kw name="Set Suite Variable" library="BuiltIn">
<arg>${CIDADE_DEVEDOR}</arg>
<arg>${CIDADE_DEVEDOR_FIXO}${SPACE * ${CIDADE_DEVEDOR_QTD}}</arg>
<doc>Makes a variable available everywhere within the scope of the current suite.</doc>
<msg timestamp="20240102 15:42:47.458" level="INFO">${CIDADE_DEVEDOR} = RIO BRANCO                    </msg>
<status status="PASS" starttime="20240102 15:42:47.454" endtime="20240102 15:42:47.458"/>
</kw>
<status status="PASS" starttime="20240102 15:42:47.442" endtime="20240102 15:42:47.458"/>
</kw>
<kw name="Gerar Telefone Devedor" library="kws_gerando_variaveis">
<arg>${UF}</arg>
<kw name="Generate Random String" library="String">
<var>${RANDOM_NUMBER}</var>
<arg>8</arg>
<arg>[NUMBERS]</arg>
<doc>Generates a string with a desired ``length`` from the given ``chars``.</doc>
<msg timestamp="20240102 15:42:47.460" level="INFO">${RANDOM_NUMBER} = 02838237</msg>
<status status="PASS" starttime="20240102 15:42:47.459" endtime="20240102 15:42:47.460"/>
</kw>
<kw name="Envia Uf Telefone" library="arquivo">
<var>${DDD}</var>
<arg>${UF}</arg>
<msg timestamp="20240102 15:42:47.460" level="INFO">${DDD} = 68</msg>
<status status="PASS" starttime="20240102 15:42:47.460" endtime="20240102 15:42:47.460"/>
</kw>
<kw name="Set Suite Variable" library="BuiltIn">
<arg>${TELEFONE_DEVEDOR}</arg>
<arg>${DDD}9${RANDOM_NUMBER}</arg>
<doc>Makes a variable available everywhere within the scope of the current suite.</doc>
<msg timestamp="20240102 15:42:47.463" level="INFO">${TELEFONE_DEVEDOR} = 68902838237</msg>
<status status="PASS" starttime="20240102 15:42:47.461" endtime="20240102 15:42:47.463"/>
</kw>
<status status="PASS" starttime="20240102 15:42:47.459" endtime="20240102 15:42:47.463"/>
</kw>
<kw name="Append To File" library="OperatingSystem">
<arg>${TXT}</arg>
<arg>12</arg>
<doc>Appends the given content to the specified file.</doc>
<msg timestamp="20240102 15:42:47.465" level="INFO" html="true">Appended to file '&lt;a href="file://C:\Projetos\manipulando_arquivos_robotframework\resources\arquivos\txt\Arquivo_TXT_AC.txt"&gt;C:\Projetos\manipulando_arquivos_robotframework\resources\arquivos\txt\Arquivo_TXT_AC.txt&lt;/a&gt;'.</msg>
<status status="PASS" starttime="20240102 15:42:47.463" endtime="20240102 15:42:47.466"/>
</kw>
<kw name="Append To File" library="OperatingSystem">
<arg>${TXT}</arg>
<arg>${SEQ_LINHA_ARQ}</arg>
<doc>Appends the given content to the specified file.</doc>
<msg timestamp="20240102 15:42:47.469" level="INFO" html="true">Appended to file '&lt;a href="file://C:\Projetos\manipulando_arquivos_robotframework\resources\arquivos\txt\Arquivo_TXT_AC.txt"&gt;C:\Projetos\manipulando_arquivos_robotframework\resources\arquivos\txt\Arquivo_TXT_AC.txt&lt;/a&gt;'.</msg>
<status status="PASS" starttime="20240102 15:42:47.466" endtime="20240102 15:42:47.469"/>
</kw>
<kw name="Append To File" library="OperatingSystem">
<arg>${TXT}</arg>
<arg>${NOME_EMPRESA}</arg>
<doc>Appends the given content to the specified file.</doc>
<msg timestamp="20240102 15:42:47.472" level="INFO" html="true">Appended to file '&lt;a href="file://C:\Projetos\manipulando_arquivos_robotframework\resources\arquivos\txt\Arquivo_TXT_AC.txt"&gt;C:\Projetos\manipulando_arquivos_robotframework\resources\arquivos\txt\Arquivo_TXT_AC.txt&lt;/a&gt;'.</msg>
<status status="PASS" starttime="20240102 15:42:47.470" endtime="20240102 15:42:47.472"/>
</kw>
<kw name="Append To File" library="OperatingSystem">
<arg>${TXT}</arg>
<arg>${CNPJ_FAKE}</arg>
<doc>Appends the given content to the specified file.</doc>
<msg timestamp="20240102 15:42:47.474" level="INFO" html="true">Appended to file '&lt;a href="file://C:\Projetos\manipulando_arquivos_robotframework\resources\arquivos\txt\Arquivo_TXT_AC.txt"&gt;C:\Projetos\manipulando_arquivos_robotframework\resources\arquivos\txt\Arquivo_TXT_AC.txt&lt;/a&gt;'.</msg>
<status status="PASS" starttime="20240102 15:42:47.473" endtime="20240102 15:42:47.474"/>
</kw>
<kw name="Append To File" library="OperatingSystem">
<arg>${TXT}</arg>
<arg>${ENDERECO_EMPRESA}</arg>
<doc>Appends the given content to the specified file.</doc>
<msg timestamp="20240102 15:42:47.476" level="INFO" html="true">Appended to file '&lt;a href="file://C:\Projetos\manipulando_arquivos_robotframework\resources\arquivos\txt\Arquivo_TXT_AC.txt"&gt;C:\Projetos\manipulando_arquivos_robotframework\resources\arquivos\txt\Arquivo_TXT_AC.txt&lt;/a&gt;'.</msg>
<status status="PASS" starttime="20240102 15:42:47.475" endtime="20240102 15:42:47.476"/>
</kw>
<kw name="Append To File" library="OperatingSystem">
<arg>${TXT}</arg>
<arg>${NUMERO_FAKE}</arg>
<doc>Appends the given content to the specified file.</doc>
<msg timestamp="20240102 15:42:47.478" level="INFO" html="true">Appended to file '&lt;a href="file://C:\Projetos\manipulando_arquivos_robotframework\resources\arquivos\txt\Arquivo_TXT_AC.txt"&gt;C:\Projetos\manipulando_arquivos_robotframework\resources\arquivos\txt\Arquivo_TXT_AC.txt&lt;/a&gt;'.</msg>
<status status="PASS" starttime="20240102 15:42:47.477" endtime="20240102 15:42:47.478"/>
</kw>
<kw name="Append To File" library="OperatingSystem">
<arg>${TXT}</arg>
<arg>${SPACE * 6}</arg>
<doc>Appends the given content to the specified file.</doc>
<msg timestamp="20240102 15:42:47.482" level="INFO" html="true">Appended to file '&lt;a href="file://C:\Projetos\manipulando_arquivos_robotframework\resources\arquivos\txt\Arquivo_TXT_AC.txt"&gt;C:\Projetos\manipulando_arquivos_robotframework\resources\arquivos\txt\Arquivo_TXT_AC.txt&lt;/a&gt;'.</msg>
<status status="PASS" starttime="20240102 15:42:47.479" endtime="20240102 15:42:47.482"/>
</kw>
<kw name="Append To File" library="OperatingSystem">
<arg>${TXT}</arg>
<arg>${COMPL_NUM_EMPRESA}</arg>
<doc>Appends the given content to the specified file.</doc>
<msg timestamp="20240102 15:42:47.484" level="INFO" html="true">Appended to file '&lt;a href="file://C:\Projetos\manipulando_arquivos_robotframework\resources\arquivos\txt\Arquivo_TXT_AC.txt"&gt;C:\Projetos\manipulando_arquivos_robotframework\resources\arquivos\txt\Arquivo_TXT_AC.txt&lt;/a&gt;'.</msg>
<status status="PASS" starttime="20240102 15:42:47.483" endtime="20240102 15:42:47.485"/>
</kw>
<kw name="Append To File" library="OperatingSystem">
<arg>${TXT}</arg>
<arg>${SPACE * 13}</arg>
<doc>Appends the given content to the specified file.</doc>
<msg timestamp="20240102 15:42:47.490" level="INFO" html="true">Appended to file '&lt;a href="file://C:\Projetos\manipulando_arquivos_robotframework\resources\arquivos\txt\Arquivo_TXT_AC.txt"&gt;C:\Projetos\manipulando_arquivos_robotframework\resources\arquivos\txt\Arquivo_TXT_AC.txt&lt;/a&gt;'.</msg>
<status status="PASS" starttime="20240102 15:42:47.485" endtime="20240102 15:42:47.490"/>
</kw>
<kw name="Append To File" library="OperatingSystem">
<arg>${TXT}</arg>
<arg>${BAIRRO_EMPRESA}</arg>
<doc>Appends the given content to the specified file.</doc>
<msg timestamp="20240102 15:42:47.492" level="INFO" html="true">Appended to file '&lt;a href="file://C:\Projetos\manipulando_arquivos_robotframework\resources\arquivos\txt\Arquivo_TXT_AC.txt"&gt;C:\Projetos\manipulando_arquivos_robotframework\resources\arquivos\txt\Arquivo_TXT_AC.txt&lt;/a&gt;'.</msg>
<status status="PASS" starttime="20240102 15:42:47.491" endtime="20240102 15:42:47.493"/>
</kw>
<kw name="Append To File" library="OperatingSystem">
<arg>${TXT}</arg>
<arg>${REG.CdMunicipioCredor_${UF}}</arg>
<doc>Appends the given content to the specified file.</doc>
<msg timestamp="20240102 15:42:47.495" level="INFO" html="true">Appended to file '&lt;a href="file://C:\Projetos\manipulando_arquivos_robotframework\resources\arquivos\txt\Arquivo_TXT_AC.txt"&gt;C:\Projetos\manipulando_arquivos_robotframework\resources\arquivos\txt\Arquivo_TXT_AC.txt&lt;/a&gt;'.</msg>
<status status="PASS" starttime="20240102 15:42:47.493" endtime="20240102 15:42:47.495"/>
</kw>
<kw name="Append To File" library="OperatingSystem">
<arg>${TXT}</arg>
<arg>${CIDADE_EMPRESA}</arg>
<doc>Appends the given content to the specified file.</doc>
<msg timestamp="20240102 15:42:47.498" level="INFO" html="true">Appended to file '&lt;a href="file://C:\Projetos\manipulando_arquivos_robotframework\resources\arquivos\txt\Arquivo_TXT_AC.txt"&gt;C:\Projetos\manipulando_arquivos_robotframework\resources\arquivos\txt\Arquivo_TXT_AC.txt&lt;/a&gt;'.</msg>
<status status="PASS" starttime="20240102 15:42:47.496" endtime="20240102 15:42:47.498"/>
</kw>
<kw name="Append To File" library="OperatingSystem">
<arg>${TXT}</arg>
<arg>${UF}</arg>
<doc>Appends the given content to the specified file.</doc>
<msg timestamp="20240102 15:42:47.500" level="INFO" html="true">Appended to file '&lt;a href="file://C:\Projetos\manipulando_arquivos_robotframework\resources\arquivos\txt\Arquivo_TXT_AC.txt"&gt;C:\Projetos\manipulando_arquivos_robotframework\resources\arquivos\txt\Arquivo_TXT_AC.txt&lt;/a&gt;'.</msg>
<status status="PASS" starttime="20240102 15:42:47.498" endtime="20240102 15:42:47.501"/>
</kw>
<kw name="Append To File" library="OperatingSystem">
<arg>${TXT}</arg>
<arg>${REG.DsCEPCredor_${UF}}</arg>
<doc>Appends the given content to the specified file.</doc>
<msg timestamp="20240102 15:42:47.506" level="INFO" html="true">Appended to file '&lt;a href="file://C:\Projetos\manipulando_arquivos_robotframework\resources\arquivos\txt\Arquivo_TXT_AC.txt"&gt;C:\Projetos\manipulando_arquivos_robotframework\resources\arquivos\txt\Arquivo_TXT_AC.txt&lt;/a&gt;'.</msg>
<status status="PASS" starttime="20240102 15:42:47.501" endtime="20240102 15:42:47.506"/>
</kw>
<kw name="Append To File" library="OperatingSystem">
<arg>${TXT}</arg>
<arg>${SPACE * 2}</arg>
<doc>Appends the given content to the specified file.</doc>
<msg timestamp="20240102 15:42:47.509" level="INFO" html="true">Appended to file '&lt;a href="file://C:\Projetos\manipulando_arquivos_robotframework\resources\arquivos\txt\Arquivo_TXT_AC.txt"&gt;C:\Projetos\manipulando_arquivos_robotframework\resources\arquivos\txt\Arquivo_TXT_AC.txt&lt;/a&gt;'.</msg>
<status status="PASS" starttime="20240102 15:42:47.507" endtime="20240102 15:42:47.509"/>
</kw>
<kw name="Append To File" library="OperatingSystem">
<arg>${TXT}</arg>
<arg>${TELEFONE_EMPRESA}</arg>
<doc>Appends the given content to the specified file.</doc>
<msg timestamp="20240102 15:42:47.511" level="INFO" html="true">Appended to file '&lt;a href="file://C:\Projetos\manipulando_arquivos_robotframework\resources\arquivos\txt\Arquivo_TXT_AC.txt"&gt;C:\Projetos\manipulando_arquivos_robotframework\resources\arquivos\txt\Arquivo_TXT_AC.txt&lt;/a&gt;'.</msg>
<status status="PASS" starttime="20240102 15:42:47.510" endtime="20240102 15:42:47.511"/>
</kw>
<kw name="Append To File" library="OperatingSystem">
<arg>${TXT}</arg>
<arg>${SPACE * 4}</arg>
<doc>Appends the given content to the specified file.</doc>
<msg timestamp="20240102 15:42:47.515" level="INFO" html="true">Appended to file '&lt;a href="file://C:\Projetos\manipulando_arquivos_robotframework\resources\arquivos\txt\Arquivo_TXT_AC.txt"&gt;C:\Projetos\manipulando_arquivos_robotframework\resources\arquivos\txt\Arquivo_TXT_AC.txt&lt;/a&gt;'.</msg>
<status status="PASS" starttime="20240102 15:42:47.512" endtime="20240102 15:42:47.515"/>
</kw>
<kw name="Append To File" library="OperatingSystem">
<arg>${TXT}</arg>
<arg>${NUM_CONTRATO}</arg>
<doc>Appends the given content to the specified file.</doc>
<msg timestamp="20240102 15:42:47.518" level="INFO" html="true">Appended to file '&lt;a href="file://C:\Projetos\manipulando_arquivos_robotframework\resources\arquivos\txt\Arquivo_TXT_AC.txt"&gt;C:\Projetos\manipulando_arquivos_robotframework\resources\arquivos\txt\Arquivo_TXT_AC.txt&lt;/a&gt;'.</msg>
<status status="PASS" starttime="20240102 15:42:47.516" endtime="20240102 15:42:47.519"/>
</kw>
<kw name="Append To File" library="OperatingSystem">
<arg>${TXT}</arg>
<arg>${SPACE * 9}</arg>
<doc>Appends the given content to the specified file.</doc>
<msg timestamp="20240102 15:42:47.522" level="INFO" html="true">Appended to file '&lt;a href="file://C:\Projetos\manipulando_arquivos_robotframework\resources\arquivos\txt\Arquivo_TXT_AC.txt"&gt;C:\Projetos\manipulando_arquivos_robotframework\resources\arquivos\txt\Arquivo_TXT_AC.txt&lt;/a&gt;'.</msg>
<status status="PASS" starttime="20240102 15:42:47.520" endtime="20240102 15:42:47.522"/>
</kw>
<kw name="Append To File" library="OperatingSystem">
<arg>${TXT}</arg>
<arg>${DATE}</arg>
<doc>Appends the given content to the specified file.</doc>
<msg timestamp="20240102 15:42:47.524" level="INFO" html="true">Appended to file '&lt;a href="file://C:\Projetos\manipulando_arquivos_robotframework\resources\arquivos\txt\Arquivo_TXT_AC.txt"&gt;C:\Projetos\manipulando_arquivos_robotframework\resources\arquivos\txt\Arquivo_TXT_AC.txt&lt;/a&gt;'.</msg>
<status status="PASS" starttime="20240102 15:42:47.523" endtime="20240102 15:42:47.524"/>
</kw>
<kw name="Append To File" library="OperatingSystem">
<arg>${TXT}</arg>
<arg>${CPF_FAKE}</arg>
<doc>Appends the given content to the specified file.</doc>
<msg timestamp="20240102 15:42:47.527" level="INFO" html="true">Appended to file '&lt;a href="file://C:\Projetos\manipulando_arquivos_robotframework\resources\arquivos\txt\Arquivo_TXT_AC.txt"&gt;C:\Projetos\manipulando_arquivos_robotframework\resources\arquivos\txt\Arquivo_TXT_AC.txt&lt;/a&gt;'.</msg>
<status status="PASS" starttime="20240102 15:42:47.525" endtime="20240102 15:42:47.527"/>
</kw>
<kw name="Append To File" library="OperatingSystem">
<arg>${TXT}</arg>
<arg>${NOME_DEVEDOR_FAKE}</arg>
<doc>Appends the given content to the specified file.</doc>
<msg timestamp="20240102 15:42:47.529" level="INFO" html="true">Appended to file '&lt;a href="file://C:\Projetos\manipulando_arquivos_robotframework\resources\arquivos\txt\Arquivo_TXT_AC.txt"&gt;C:\Projetos\manipulando_arquivos_robotframework\resources\arquivos\txt\Arquivo_TXT_AC.txt&lt;/a&gt;'.</msg>
<status status="PASS" starttime="20240102 15:42:47.527" endtime="20240102 15:42:47.529"/>
</kw>
<kw name="Append To File" library="OperatingSystem">
<arg>${TXT}</arg>
<arg>${ENDERECO_DEVEDOR}</arg>
<doc>Appends the given content to the specified file.</doc>
<msg timestamp="20240102 15:42:47.531" level="INFO" html="true">Appended to file '&lt;a href="file://C:\Projetos\manipulando_arquivos_robotframework\resources\arquivos\txt\Arquivo_TXT_AC.txt"&gt;C:\Projetos\manipulando_arquivos_robotframework\resources\arquivos\txt\Arquivo_TXT_AC.txt&lt;/a&gt;'.</msg>
<status status="PASS" starttime="20240102 15:42:47.529" endtime="20240102 15:42:47.532"/>
</kw>
<kw name="Append To File" library="OperatingSystem">
<arg>${TXT}</arg>
<arg>${NUMERO_ENDERECO_DEVEDOR}</arg>
<doc>Appends the given content to the specified file.</doc>
<msg timestamp="20240102 15:42:47.534" level="INFO" html="true">Appended to file '&lt;a href="file://C:\Projetos\manipulando_arquivos_robotframework\resources\arquivos\txt\Arquivo_TXT_AC.txt"&gt;C:\Projetos\manipulando_arquivos_robotframework\resources\arquivos\txt\Arquivo_TXT_AC.txt&lt;/a&gt;'.</msg>
<status status="PASS" starttime="20240102 15:42:47.532" endtime="20240102 15:42:47.534"/>
</kw>
<kw name="Append To File" library="OperatingSystem">
<arg>${TXT}</arg>
<arg>${SPACE * 1}</arg>
<doc>Appends the given content to the specified file.</doc>
<msg timestamp="20240102 15:42:47.539" level="INFO" html="true">Appended to file '&lt;a href="file://C:\Projetos\manipulando_arquivos_robotframework\resources\arquivos\txt\Arquivo_TXT_AC.txt"&gt;C:\Projetos\manipulando_arquivos_robotframework\resources\arquivos\txt\Arquivo_TXT_AC.txt&lt;/a&gt;'.</msg>
<status status="PASS" starttime="20240102 15:42:47.535" endtime="20240102 15:42:47.539"/>
</kw>
<kw name="Append To File" library="OperatingSystem">
<arg>${TXT}</arg>
<arg>${SPACE * 2}</arg>
<doc>Appends the given content to the specified file.</doc>
<msg timestamp="20240102 15:42:47.542" level="INFO" html="true">Appended to file '&lt;a href="file://C:\Projetos\manipulando_arquivos_robotframework\resources\arquivos\txt\Arquivo_TXT_AC.txt"&gt;C:\Projetos\manipulando_arquivos_robotframework\resources\arquivos\txt\Arquivo_TXT_AC.txt&lt;/a&gt;'.</msg>
<status status="PASS" starttime="20240102 15:42:47.539" endtime="20240102 15:42:47.542"/>
</kw>
<kw name="Append To File" library="OperatingSystem">
<arg>${TXT}</arg>
<arg>${BAIRRO_DEVEDOR}</arg>
<doc>Appends the given content to the specified file.</doc>
<msg timestamp="20240102 15:42:47.544" level="INFO" html="true">Appended to file '&lt;a href="file://C:\Projetos\manipulando_arquivos_robotframework\resources\arquivos\txt\Arquivo_TXT_AC.txt"&gt;C:\Projetos\manipulando_arquivos_robotframework\resources\arquivos\txt\Arquivo_TXT_AC.txt&lt;/a&gt;'.</msg>
<status status="PASS" starttime="20240102 15:42:47.542" endtime="20240102 15:42:47.544"/>
</kw>
<kw name="Append To File" library="OperatingSystem">
<arg>${TXT}</arg>
<arg>${REG.CdMunicipioCredor_${UF}}</arg>
<doc>Appends the given content to the specified file.</doc>
<msg timestamp="20240102 15:42:47.547" level="INFO" html="true">Appended to file '&lt;a href="file://C:\Projetos\manipulando_arquivos_robotframework\resources\arquivos\txt\Arquivo_TXT_AC.txt"&gt;C:\Projetos\manipulando_arquivos_robotframework\resources\arquivos\txt\Arquivo_TXT_AC.txt&lt;/a&gt;'.</msg>
<status status="PASS" starttime="20240102 15:42:47.544" endtime="20240102 15:42:47.547"/>
</kw>
<kw name="Append To File" library="OperatingSystem">
<arg>${TXT}</arg>
<arg>${CIDADE_DEVEDOR}</arg>
<doc>Appends the given content to the specified file.</doc>
<msg timestamp="20240102 15:42:47.549" level="INFO" html="true">Appended to file '&lt;a href="file://C:\Projetos\manipulando_arquivos_robotframework\resources\arquivos\txt\Arquivo_TXT_AC.txt"&gt;C:\Projetos\manipulando_arquivos_robotframework\resources\arquivos\txt\Arquivo_TXT_AC.txt&lt;/a&gt;'.</msg>
<status status="PASS" starttime="20240102 15:42:47.547" endtime="20240102 15:42:47.550"/>
</kw>
<kw name="Append To File" library="OperatingSystem">
<arg>${TXT}</arg>
<arg>${UF}</arg>
<doc>Appends the given content to the specified file.</doc>
<msg timestamp="20240102 15:42:47.553" level="INFO" html="true">Appended to file '&lt;a href="file://C:\Projetos\manipulando_arquivos_robotframework\resources\arquivos\txt\Arquivo_TXT_AC.txt"&gt;C:\Projetos\manipulando_arquivos_robotframework\resources\arquivos\txt\Arquivo_TXT_AC.txt&lt;/a&gt;'.</msg>
<status status="PASS" starttime="20240102 15:42:47.550" endtime="20240102 15:42:47.553"/>
</kw>
<kw name="Append To File" library="OperatingSystem">
<arg>${TXT}</arg>
<arg>${REG.DsCEPDevedor_${UF}}</arg>
<doc>Appends the given content to the specified file.</doc>
<msg timestamp="20240102 15:42:47.557" level="INFO" html="true">Appended to file '&lt;a href="file://C:\Projetos\manipulando_arquivos_robotframework\resources\arquivos\txt\Arquivo_TXT_AC.txt"&gt;C:\Projetos\manipulando_arquivos_robotframework\resources\arquivos\txt\Arquivo_TXT_AC.txt&lt;/a&gt;'.</msg>
<status status="PASS" starttime="20240102 15:42:47.554" endtime="20240102 15:42:47.557"/>
</kw>
<kw name="Append To File" library="OperatingSystem">
<arg>${TXT}</arg>
<arg>${SPACE * 2}</arg>
<doc>Appends the given content to the specified file.</doc>
<msg timestamp="20240102 15:42:47.560" level="INFO" html="true">Appended to file '&lt;a href="file://C:\Projetos\manipulando_arquivos_robotframework\resources\arquivos\txt\Arquivo_TXT_AC.txt"&gt;C:\Projetos\manipulando_arquivos_robotframework\resources\arquivos\txt\Arquivo_TXT_AC.txt&lt;/a&gt;'.</msg>
<status status="PASS" starttime="20240102 15:42:47.558" endtime="20240102 15:42:47.560"/>
</kw>
<kw name="Append To File" library="OperatingSystem">
<arg>${TXT}</arg>
<arg>${TELEFONE_DEVEDOR}</arg>
<doc>Appends the given content to the specified file.</doc>
<msg timestamp="20240102 15:42:47.562" level="INFO" html="true">Appended to file '&lt;a href="file://C:\Projetos\manipulando_arquivos_robotframework\resources\arquivos\txt\Arquivo_TXT_AC.txt"&gt;C:\Projetos\manipulando_arquivos_robotframework\resources\arquivos\txt\Arquivo_TXT_AC.txt&lt;/a&gt;'.</msg>
<status status="PASS" starttime="20240102 15:42:47.561" endtime="20240102 15:42:47.563"/>
</kw>
<kw name="Append To File" library="OperatingSystem">
<arg>${TXT}</arg>
<arg>${SPACE * 9}</arg>
<doc>Appends the given content to the specified file.</doc>
<msg timestamp="20240102 15:42:47.567" level="INFO" html="true">Appended to file '&lt;a href="file://C:\Projetos\manipulando_arquivos_robotframework\resources\arquivos\txt\Arquivo_TXT_AC.txt"&gt;C:\Projetos\manipulando_arquivos_robotframework\resources\arquivos\txt\Arquivo_TXT_AC.txt&lt;/a&gt;'.</msg>
<status status="PASS" starttime="20240102 15:42:47.563" endtime="20240102 15:42:47.567"/>
</kw>
<kw name="Append To File" library="OperatingSystem">
<arg>${TXT}</arg>
<arg>DADOS GERADOS VIA ROBOT FRAMEWORK</arg>
<doc>Appends the given content to the specified file.</doc>
<msg timestamp="20240102 15:42:47.570" level="INFO" html="true">Appended to file '&lt;a href="file://C:\Projetos\manipulando_arquivos_robotframework\resources\arquivos\txt\Arquivo_TXT_AC.txt"&gt;C:\Projetos\manipulando_arquivos_robotframework\resources\arquivos\txt\Arquivo_TXT_AC.txt&lt;/a&gt;'.</msg>
<status status="PASS" starttime="20240102 15:42:47.568" endtime="20240102 15:42:47.570"/>
</kw>
<kw name="Append To File" library="OperatingSystem">
<arg>${TXT}</arg>
<arg>${SPACE * 97}\n</arg>
<doc>Appends the given content to the specified file.</doc>
<msg timestamp="20240102 15:42:47.572" level="INFO" html="true">Appended to file '&lt;a href="file://C:\Projetos\manipulando_arquivos_robotframework\resources\arquivos\txt\Arquivo_TXT_AC.txt"&gt;C:\Projetos\manipulando_arquivos_robotframework\resources\arquivos\txt\Arquivo_TXT_AC.txt&lt;/a&gt;'.</msg>
<status status="PASS" starttime="20240102 15:42:47.571" endtime="20240102 15:42:47.573"/>
</kw>
<kw name="E gravo as informações no arquivo TXT criado anteriormente" library="kws_gerando_arquivo_txt">
<arg>${UF}</arg>
<kw name="Append To File" library="OperatingSystem">
<arg>${ARQ_DADOS_TXT}</arg>
<arg>${NUM_CONTRATO};</arg>
<doc>Appends the given content to the specified file.</doc>
<msg timestamp="20240102 15:42:47.575" level="INFO" html="true">Appended to file '&lt;a href="file://C:\Projetos\manipulando_arquivos_robotframework\resources\arquivos\ARQUIVOS_DADOS_GERADOS_TXT.csv"&gt;C:\Projetos\manipulando_arquivos_robotframework\resources\arquivos\ARQUIVOS_DADOS_GERADOS_TXT.csv&lt;/a&gt;'.</msg>
<status status="PASS" starttime="20240102 15:42:47.574" endtime="20240102 15:42:47.575"/>
</kw>
<kw name="Append To File" library="OperatingSystem">
<arg>${ARQ_DADOS_TXT}</arg>
<arg>${CPF_FAKE};</arg>
<doc>Appends the given content to the specified file.</doc>
<msg timestamp="20240102 15:42:47.578" level="INFO" html="true">Appended to file '&lt;a href="file://C:\Projetos\manipulando_arquivos_robotframework\resources\arquivos\ARQUIVOS_DADOS_GERADOS_TXT.csv"&gt;C:\Projetos\manipulando_arquivos_robotframework\resources\arquivos\ARQUIVOS_DADOS_GERADOS_TXT.csv&lt;/a&gt;'.</msg>
<status status="PASS" starttime="20240102 15:42:47.576" endtime="20240102 15:42:47.578"/>
</kw>
<kw name="Append To File" library="OperatingSystem">
<arg>${ARQ_DADOS_TXT}</arg>
<arg>${UF};\n</arg>
<doc>Appends the given content to the specified file.</doc>
<msg timestamp="20240102 15:42:47.580" level="INFO" html="true">Appended to file '&lt;a href="file://C:\Projetos\manipulando_arquivos_robotframework\resources\arquivos\ARQUIVOS_DADOS_GERADOS_TXT.csv"&gt;C:\Projetos\manipulando_arquivos_robotframework\resources\arquivos\ARQUIVOS_DADOS_GERADOS_TXT.csv&lt;/a&gt;'.</msg>
<status status="PASS" starttime="20240102 15:42:47.578" endtime="20240102 15:42:47.580"/>
</kw>
<status status="PASS" starttime="20240102 15:42:47.573" endtime="20240102 15:42:47.581"/>
</kw>
<kw name="Set Variable" library="BuiltIn">
<var>${x}</var>
<arg>${x+1}</arg>
<doc>Returns the given values which can then be assigned to a variables.</doc>
<msg timestamp="20240102 15:42:47.582" level="INFO">${x} = 1</msg>
<status status="PASS" starttime="20240102 15:42:47.581" endtime="20240102 15:42:47.583"/>
</kw>
<status status="PASS" starttime="20240102 15:42:47.291" endtime="20240102 15:42:47.583"/>
</iter>
<iter>
<var name="${i}">1</var>
<kw name="Evaluate" library="BuiltIn">
<var>${SEQ}</var>
<arg>${i} + 1</arg>
<doc>Evaluates the given expression in Python and returns the result.</doc>
<msg timestamp="20240102 15:42:47.584" level="INFO">${SEQ} = 2</msg>
<status status="PASS" starttime="20240102 15:42:47.583" endtime="20240102 15:42:47.584"/>
</kw>
<kw name="Gerar Contador Linhas Arq" library="arquivo">
<var>${NUM_LINHAS}</var>
<arg>${SEQ}</arg>
<msg timestamp="20240102 15:42:47.585" level="INFO">${NUM_LINHAS} = 0002</msg>
<status status="PASS" starttime="20240102 15:42:47.584" endtime="20240102 15:42:47.585"/>
</kw>
<kw name="Set Test Variable" library="BuiltIn">
<arg>${SEQ_LINHA_ARQ}</arg>
<arg>${NUM_LINHAS}</arg>
<doc>Makes a variable available everywhere within the scope of the current test.</doc>
<msg timestamp="20240102 15:42:47.586" level="INFO">${SEQ_LINHA_ARQ} = 0002</msg>
<status status="PASS" starttime="20240102 15:42:47.586" endtime="20240102 15:42:47.586"/>
</kw>
<kw name="Gerar Nome Empresa" library="kws_gerando_variaveis">
<kw name="Company" library="FakerLibrary">
<var>${NOME_EMPRESA_FAKE}</var>
<doc>:example 'Acme Ltd'</doc>
<msg timestamp="20240102 15:42:47.588" level="INFO">${NOME_EMPRESA_FAKE} = Correia</msg>
<status status="PASS" starttime="20240102 15:42:47.587" endtime="20240102 15:42:47.588"/>
</kw>
<kw name="Convert To Upper Case" library="String">
<var>${NOME_EMPRESA_FAKE}</var>
<arg>${NOME_EMPRESA_FAKE}</arg>
<doc>Converts string to upper case.</doc>
<msg timestamp="20240102 15:42:47.588" level="INFO">${NOME_EMPRESA_FAKE} = CORREIA</msg>
<status status="PASS" starttime="20240102 15:42:47.588" endtime="20240102 15:42:47.588"/>
</kw>
<kw name="Remover Acentos Empresa" library="arquivo">
<var>${NOME_EMPRESA_FAKE}</var>
<arg>${NOME_EMPRESA_FAKE}</arg>
<msg timestamp="20240102 15:42:47.589" level="INFO">${NOME_EMPRESA_FAKE} = CORREIA</msg>
<status status="PASS" starttime="20240102 15:42:47.589" endtime="20240102 15:42:47.589"/>
</kw>
<kw name="Set Test Variable" library="BuiltIn">
<arg>${NOME_EMPRESA_FAKE}</arg>
<doc>Makes a variable available everywhere within the scope of the current test.</doc>
<msg timestamp="20240102 15:42:47.590" level="INFO">${NOME_EMPRESA_FAKE} = CORREIA</msg>
<status status="PASS" starttime="20240102 15:42:47.589" endtime="20240102 15:42:47.590"/>
</kw>
<kw name="Set Test Variable" library="BuiltIn">
<arg>${COMPL_NOME_EMPRESA}</arg>
<arg>50</arg>
<doc>Makes a variable available everywhere within the scope of the current test.</doc>
<msg timestamp="20240102 15:42:47.590" level="INFO">${COMPL_NOME_EMPRESA} = 50</msg>
<status status="PASS" starttime="20240102 15:42:47.590" endtime="20240102 15:42:47.590"/>
</kw>
<kw name="Get Length" library="BuiltIn">
<var>${EMPRESA_FAKE}</var>
<arg>${NOME_EMPRESA_FAKE}</arg>
<doc>Returns and logs the length of the given item as an integer.</doc>
<msg timestamp="20240102 15:42:47.591" level="INFO">Length is 7</msg>
<msg timestamp="20240102 15:42:47.591" level="INFO">${EMPRESA_FAKE} = 7</msg>
<status status="PASS" starttime="20240102 15:42:47.591" endtime="20240102 15:42:47.591"/>
</kw>
<kw name="Evaluate" library="BuiltIn">
<var>${EMPRESA_COMPL}</var>
<arg>${COMPL_NOME_EMPRESA} - ${EMPRESA_FAKE}</arg>
<doc>Evaluates the given expression in Python and returns the result.</doc>
<msg timestamp="20240102 15:42:47.592" level="INFO">${EMPRESA_COMPL} = 43</msg>
<status status="PASS" starttime="20240102 15:42:47.591" endtime="20240102 15:42:47.592"/>
</kw>
<kw name="Set Suite Variable" library="BuiltIn">
<arg>${NOME_EMPRESA}</arg>
<arg>${NOME_EMPRESA_FAKE}${SPACE * ${EMPRESA_COMPL}}</arg>
<doc>Makes a variable available everywhere within the scope of the current suite.</doc>
<msg timestamp="20240102 15:42:47.596" level="INFO">${NOME_EMPRESA} = CORREIA                                           </msg>
<status status="PASS" starttime="20240102 15:42:47.592" endtime="20240102 15:42:47.596"/>
</kw>
<status status="PASS" starttime="20240102 15:42:47.586" endtime="20240102 15:42:47.596"/>
</kw>
<kw name="Gerar CNPJ" library="kws_gerando_variaveis">
<kw name="Cnpj" library="FakerLibrary">
<var>${CUSTOM_CNPJ}</var>
<msg timestamp="20240102 15:42:47.598" level="INFO">${CUSTOM_CNPJ} = 90.738.216/0001-41</msg>
<status status="PASS" starttime="20240102 15:42:47.597" endtime="20240102 15:42:47.598"/>
</kw>
<kw name="Remove String" library="String">
<var>${CNPJ_CUSTOM}</var>
<arg>${CUSTOM_CNPJ}</arg>
<arg>.</arg>
<arg>/</arg>
<arg>-</arg>
<doc>Removes all ``removables`` from the given ``string``.</doc>
<msg timestamp="20240102 15:42:47.599" level="INFO">${CNPJ_CUSTOM} = 90738216000141</msg>
<status status="PASS" starttime="20240102 15:42:47.598" endtime="20240102 15:42:47.599"/>
</kw>
<kw name="Set Suite Variable" library="BuiltIn">
<arg>${CNPJ_FAKE}</arg>
<arg>${CNPJ_CUSTOM}</arg>
<doc>Makes a variable available everywhere within the scope of the current suite.</doc>
<msg timestamp="20240102 15:42:47.600" level="INFO">${CNPJ_FAKE} = 90738216000141</msg>
<status status="PASS" starttime="20240102 15:42:47.599" endtime="20240102 15:42:47.600"/>
</kw>
<status status="PASS" starttime="20240102 15:42:47.597" endtime="20240102 15:42:47.600"/>
</kw>
<kw name="Gerar Endereço Empresa" library="kws_gerando_variaveis">
<kw name="Street Name" library="FakerLibrary">
<var>${ENDERECO_FAKE}</var>
<doc>:example 'Crist Parks'</doc>
<msg timestamp="20240102 15:42:47.603" level="INFO">${ENDERECO_FAKE} = Largo Maria Lima</msg>
<status status="PASS" starttime="20240102 15:42:47.602" endtime="20240102 15:42:47.603"/>
</kw>
<kw name="Convert To Upper Case" library="String">
<var>${ENDERECO_FAKE}</var>
<arg>${ENDERECO_FAKE}</arg>
<doc>Converts string to upper case.</doc>
<msg timestamp="20240102 15:42:47.604" level="INFO">${ENDERECO_FAKE} = LARGO MARIA LIMA</msg>
<status status="PASS" starttime="20240102 15:42:47.604" endtime="20240102 15:42:47.604"/>
</kw>
<kw name="Remover Acentos Endereco" library="arquivo">
<var>${ENDERECO_FAKE}</var>
<arg>${ENDERECO_FAKE}</arg>
<msg timestamp="20240102 15:42:47.605" level="INFO">${ENDERECO_FAKE} = LARGO MARIA LIMA</msg>
<status status="PASS" starttime="20240102 15:42:47.604" endtime="20240102 15:42:47.605"/>
</kw>
<kw name="Set Suite Variable" library="BuiltIn">
<arg>${ENDERECO_FAKE}</arg>
<doc>Makes a variable available everywhere within the scope of the current suite.</doc>
<msg timestamp="20240102 15:42:47.605" level="INFO">${ENDERECO_FAKE} = LARGO MARIA LIMA</msg>
<status status="PASS" starttime="20240102 15:42:47.605" endtime="20240102 15:42:47.606"/>
</kw>
<kw name="Set Test Variable" library="BuiltIn">
<arg>${COMPL_ENDERECO_EMPRESA}</arg>
<arg>50</arg>
<doc>Makes a variable available everywhere within the scope of the current test.</doc>
[...]
<arg>${DADOS_SEPARADOS}</arg>
<doc>Makes a variable available everywhere within the scope of the current test.</doc>
<msg timestamp="20240102 15:42:48.944" level="INFO">${DADOS_SEPARADOS} = ['19362154637', '43807125914', 'AC', '0']</msg>
<status status="PASS" starttime="20240102 15:42:48.943" endtime="20240102 15:42:48.944"/>
</kw>
<kw name="Set Variable" library="BuiltIn">
<var>${CONTRATO_NUMERO}</var>
<arg>${DADOS_SEPARADOS}[0]</arg>
<doc>Returns the given values which can then be assigned to a variables.</doc>
<msg timestamp="20240102 15:42:48.945" level="INFO">${CONTRATO_NUMERO} = 19362154637</msg>
<status status="PASS" starttime="20240102 15:42:48.944" endtime="20240102 15:42:48.945"/>
</kw>
<kw name="Set Variable" library="BuiltIn">
<var>${CPF_NUMERO}</var>
<arg>${DADOS_SEPARADOS}[1]</arg>
<doc>Returns the given values which can then be assigned to a variables.</doc>
<msg timestamp="20240102 15:42:48.945" level="INFO">${CPF_NUMERO} = 43807125914</msg>
<status status="PASS" starttime="20240102 15:42:48.945" endtime="20240102 15:42:48.945"/>
</kw>
<kw name="Set Variable" library="BuiltIn">
<var>${UF_NOME}</var>
<arg>${DADOS_SEPARADOS}[2]</arg>
<doc>Returns the given values which can then be assigned to a variables.</doc>
<msg timestamp="20240102 15:42:48.946" level="INFO">${UF_NOME} = AC</msg>
<status status="PASS" starttime="20240102 15:42:48.945" endtime="20240102 15:42:48.946"/>
</kw>
<kw name="Log To Console" library="BuiltIn">
<arg>...Validando Número Contrato ==&gt; ${CONTRATO_NUMERO}</arg>
<doc>Logs the given message to the console.</doc>
<status status="PASS" starttime="20240102 15:42:48.946" endtime="20240102 15:42:48.947"/>
</kw>
<kw name="Log To Console" library="BuiltIn">
<arg>...............Validando CPF ==&gt; ${CPF_NUMERO}</arg>
<doc>Logs the given message to the console.</doc>
<status status="PASS" starttime="20240102 15:42:48.948" endtime="20240102 15:42:48.949"/>
</kw>
<kw name="Log To Console" library="BuiltIn">
<arg>................Validando UF ==&gt; ${UF_NOME}\n</arg>
<doc>Logs the given message to the console.</doc>
<status status="PASS" starttime="20240102 15:42:48.950" endtime="20240102 15:42:48.954"/>
</kw>
<kw name="Set Variable" library="BuiltIn">
<var>${x}</var>
<arg>${x+1}</arg>
<doc>Returns the given values which can then be assigned to a variables.</doc>
<msg timestamp="20240102 15:42:48.962" level="INFO">${x} = 1</msg>
<status status="PASS" starttime="20240102 15:42:48.955" endtime="20240102 15:42:48.963"/>
</kw>
<status status="PASS" starttime="20240102 15:42:48.935" endtime="20240102 15:42:48.963"/>
</iter>
<iter>
<var name="${LINHA}">94379245558;02346915815;AC;</var>
<kw name="Create List" library="BuiltIn">
<var>${LINHA_ARQ}</var>
<arg>${LINHA}${x}</arg>
<doc>Returns a list containing given items.</doc>
<msg timestamp="20240102 15:42:48.971" level="INFO">${LINHA_ARQ} = ['94379245558;02346915815;AC;1']</msg>
<status status="PASS" starttime="20240102 15:42:48.970" endtime="20240102 15:42:48.971"/>
</kw>
<kw name="Set Variable" library="BuiltIn">
<var>${DADOS}</var>
<arg>${LINHA_ARQ}[0]</arg>
<doc>Returns the given values which can then be assigned to a variables.</doc>
<msg timestamp="20240102 15:42:48.972" level="INFO">${DADOS} = 94379245558;02346915815;AC;1</msg>
<status status="PASS" starttime="20240102 15:42:48.972" endtime="20240102 15:42:48.972"/>
</kw>
<kw name="Split String" library="String">
<var>${DADOS_SEPARADOS}</var>
<arg>${DADOS}</arg>
<arg>;</arg>
<doc>Splits the ``string`` using ``separator`` as a delimiter string.</doc>
<msg timestamp="20240102 15:42:48.978" level="INFO">${DADOS_SEPARADOS} = ['94379245558', '02346915815', 'AC', '1']</msg>
<status status="PASS" starttime="20240102 15:42:48.974" endtime="20240102 15:42:48.978"/>
</kw>
<kw name="Set Test Variable" library="BuiltIn">
<arg>${DADOS_SEPARADOS}</arg>
<doc>Makes a variable available everywhere within the scope of the current test.</doc>
<msg timestamp="20240102 15:42:48.980" level="INFO">${DADOS_SEPARADOS} = ['94379245558', '02346915815', 'AC', '1']</msg>
<status status="PASS" starttime="20240102 15:42:48.979" endtime="20240102 15:42:48.981"/>
</kw>
<kw name="Set Variable" library="BuiltIn">
<var>${CONTRATO_NUMERO}</var>
<arg>${DADOS_SEPARADOS}[0]</arg>
<doc>Returns the given values which can then be assigned to a variables.</doc>
<msg timestamp="20240102 15:42:48.983" level="INFO">${CONTRATO_NUMERO} = 94379245558</msg>
<status status="PASS" starttime="20240102 15:42:48.982" endtime="20240102 15:42:48.983"/>
</kw>
<kw name="Set Variable" library="BuiltIn">
<var>${CPF_NUMERO}</var>
<arg>${DADOS_SEPARADOS}[1]</arg>
<doc>Returns the given values which can then be assigned to a variables.</doc>
<msg timestamp="20240102 15:42:48.985" level="INFO">${CPF_NUMERO} = 02346915815</msg>
<status status="PASS" starttime="20240102 15:42:48.984" endtime="20240102 15:42:48.985"/>
</kw>
<kw name="Set Variable" library="BuiltIn">
<var>${UF_NOME}</var>
<arg>${DADOS_SEPARADOS}[2]</arg>
<doc>Returns the given values which can then be assigned to a variables.</doc>
<msg timestamp="20240102 15:42:48.994" level="INFO">${UF_NOME} = AC</msg>
<status status="PASS" starttime="20240102 15:42:48.990" endtime="20240102 15:42:48.995"/>
</kw>
<kw name="Log To Console" library="BuiltIn">
<arg>...Validando Número Contrato ==&gt; ${CONTRATO_NUMERO}</arg>
<doc>Logs the given message to the console.</doc>
<status status="PASS" starttime="20240102 15:42:48.996" endtime="20240102 15:42:48.998"/>
</kw>
<kw name="Log To Console" library="BuiltIn">
<arg>...............Validando CPF ==&gt; ${CPF_NUMERO}</arg>
<doc>Logs the given message to the console.</doc>
<status status="PASS" starttime="20240102 15:42:49.004" endtime="20240102 15:42:49.006"/>
</kw>
<kw name="Log To Console" library="BuiltIn">
<arg>................Validando UF ==&gt; ${UF_NOME}\n</arg>
<doc>Logs the given message to the console.</doc>
<status status="PASS" starttime="20240102 15:42:49.006" endtime="20240102 15:42:49.013"/>
</kw>
<kw name="Set Variable" library="BuiltIn">
<var>${x}</var>
<arg>${x+1}</arg>
<doc>Returns the given values which can then be assigned to a variables.</doc>
<msg timestamp="20240102 15:42:49.019" level="INFO">${x} = 2</msg>
<status status="PASS" starttime="20240102 15:42:49.014" endtime="20240102 15:42:49.019"/>
</kw>
<status status="PASS" starttime="20240102 15:42:48.965" endtime="20240102 15:42:49.020"/>
</iter>
<iter>
<var name="${LINHA}">13266236987;85736910420;AL;</var>
<kw name="Create List" library="BuiltIn">
<var>${LINHA_ARQ}</var>
<arg>${LINHA}${x}</arg>
<doc>Returns a list containing given items.</doc>
<msg timestamp="20240102 15:42:49.022" level="INFO">${LINHA_ARQ} = ['13266236987;85736910420;AL;2']</msg>
<status status="PASS" starttime="20240102 15:42:49.021" endtime="20240102 15:42:49.023"/>
</kw>
<kw name="Set Variable" library="BuiltIn">
<var>${DADOS}</var>
<arg>${LINHA_ARQ}[0]</arg>
<doc>Returns the given values which can then be assigned to a variables.</doc>
<msg timestamp="20240102 15:42:49.026" level="INFO">${DADOS} = 13266236987;85736910420;AL;2</msg>
<status status="PASS" starttime="20240102 15:42:49.023" endtime="20240102 15:42:49.026"/>
</kw>
<kw name="Split String" library="String">
<var>${DADOS_SEPARADOS}</var>
<arg>${DADOS}</arg>
<arg>;</arg>
<doc>Splits the ``string`` using ``separator`` as a delimiter string.</doc>
<msg timestamp="20240102 15:42:49.030" level="INFO">${DADOS_SEPARADOS} = ['13266236987', '85736910420', 'AL', '2']</msg>
<status status="PASS" starttime="20240102 15:42:49.028" endtime="20240102 15:42:49.030"/>
</kw>
<kw name="Set Test Variable" library="BuiltIn">
<arg>${DADOS_SEPARADOS}</arg>
<doc>Makes a variable available everywhere within the scope of the current test.</doc>
<msg timestamp="20240102 15:42:49.032" level="INFO">${DADOS_SEPARADOS} = ['13266236987', '85736910420', 'AL', '2']</msg>
<status status="PASS" starttime="20240102 15:42:49.031" endtime="20240102 15:42:49.033"/>
</kw>
<kw name="Set Variable" library="BuiltIn">
<var>${CONTRATO_NUMERO}</var>
<arg>${DADOS_SEPARADOS}[0]</arg>
<doc>Returns the given values which can then be assigned to a variables.</doc>
<msg timestamp="20240102 15:42:49.038" level="INFO">${CONTRATO_NUMERO} = 13266236987</msg>
<status status="PASS" starttime="20240102 15:42:49.033" endtime="20240102 15:42:49.038"/>
</kw>
<kw name="Set Variable" library="BuiltIn">
<var>${CPF_NUMERO}</var>
<arg>${DADOS_SEPARADOS}[1]</arg>
<doc>Returns the given values which can then be assigned to a variables.</doc>
<msg timestamp="20240102 15:42:49.041" level="INFO">${CPF_NUMERO} = 85736910420</msg>
<status status="PASS" starttime="20240102 15:42:49.039" endtime="20240102 15:42:49.041"/>
</kw>
<kw name="Set Variable" library="BuiltIn">
<var>${UF_NOME}</var>
<arg>${DADOS_SEPARADOS}[2]</arg>
<doc>Returns the given values which can then be assigned to a variables.</doc>
<msg timestamp="20240102 15:42:49.044" level="INFO">${UF_NOME} = AL</msg>
<status status="PASS" starttime="20240102 15:42:49.041" endtime="20240102 15:42:49.044"/>
</kw>
<kw name="Log To Console" library="BuiltIn">
<arg>...Validando Número Contrato ==&gt; ${CONTRATO_NUMERO}</arg>
<doc>Logs the given message to the console.</doc>
<status status="PASS" starttime="20240102 15:42:49.045" endtime="20240102 15:42:49.048"/>
</kw>
<kw name="Log To Console" library="BuiltIn">
<arg>...............Validando CPF ==&gt; ${CPF_NUMERO}</arg>
<doc>Logs the given message to the console.</doc>
<status status="PASS" starttime="20240102 15:42:49.049" endtime="20240102 15:42:49.055"/>
</kw>
<kw name="Log To Console" library="BuiltIn">
<arg>................Validando UF ==&gt; ${UF_NOME}\n</arg>
<doc>Logs the given message to the console.</doc>
<status status="PASS" starttime="20240102 15:42:49.056" endtime="20240102 15:42:49.057"/>
</kw>
<kw name="Set Variable" library="BuiltIn">
<var>${x}</var>
<arg>${x+1}</arg>
<doc>Returns the given values which can then be assigned to a variables.</doc>
<msg timestamp="20240102 15:42:49.062" level="INFO">${x} = 3</msg>
<status status="PASS" starttime="20240102 15:42:49.058" endtime="20240102 15:42:49.063"/>
</kw>
<status status="PASS" starttime="20240102 15:42:49.020" endtime="20240102 15:42:49.063"/>
</iter>
<iter>
<var name="${LINHA}">98715066534;78932016577;AL;</var>
<kw name="Create List" library="BuiltIn">
<var>${LINHA_ARQ}</var>
<arg>${LINHA}${x}</arg>
<doc>Returns a list containing given items.</doc>
<msg timestamp="20240102 15:42:49.068" level="INFO">${LINHA_ARQ} = ['98715066534;78932016577;AL;3']</msg>
<status status="PASS" starttime="20240102 15:42:49.064" endtime="20240102 15:42:49.068"/>
</kw>
<kw name="Set Variable" library="BuiltIn">
<var>${DADOS}</var>
<arg>${LINHA_ARQ}[0]</arg>
<doc>Returns the given values which can then be assigned to a variables.</doc>
<msg timestamp="20240102 15:42:49.071" level="INFO">${DADOS} = 98715066534;78932016577;AL;3</msg>
<status status="PASS" starttime="20240102 15:42:49.069" endtime="20240102 15:42:49.071"/>
</kw>
<kw name="Split String" library="String">
<var>${DADOS_SEPARADOS}</var>
<arg>${DADOS}</arg>
<arg>;</arg>
<doc>Splits the ``string`` using ``separator`` as a delimiter string.</doc>
<msg timestamp="20240102 15:42:49.073" level="INFO">${DADOS_SEPARADOS} = ['98715066534', '78932016577', 'AL', '3']</msg>
<status status="PASS" starttime="20240102 15:42:49.072" endtime="20240102 15:42:49.073"/>
</kw>
<kw name="Set Test Variable" library="BuiltIn">
<arg>${DADOS_SEPARADOS}</arg>
<doc>Makes a variable available everywhere within the scope of the current test.</doc>
<msg timestamp="20240102 15:42:49.079" level="INFO">${DADOS_SEPARADOS} = ['98715066534', '78932016577', 'AL', '3']</msg>
<status status="PASS" starttime="20240102 15:42:49.074" endtime="20240102 15:42:49.079"/>
</kw>
<kw name="Set Variable" library="BuiltIn">
<var>${CONTRATO_NUMERO}</var>
<arg>${DADOS_SEPARADOS}[0]</arg>
<doc>Returns the given values which can then be assigned to a variables.</doc>
<msg timestamp="20240102 15:42:49.082" level="INFO">${CONTRATO_NUMERO} = 98715066534</msg>
<status status="PASS" starttime="20240102 15:42:49.080" endtime="20240102 15:42:49.082"/>
</kw>
<kw name="Set Variable" library="BuiltIn">
<var>${CPF_NUMERO}</var>
<arg>${DADOS_SEPARADOS}[1]</arg>
<doc>Returns the given values which can then be assigned to a variables.</doc>
<msg timestamp="20240102 15:42:49.087" level="INFO">${CPF_NUMERO} = 78932016577</msg>
<status status="PASS" starttime="20240102 15:42:49.084" endtime="20240102 15:42:49.087"/>
</kw>
<kw name="Set Variable" library="BuiltIn">
<var>${UF_NOME}</var>
<arg>${DADOS_SEPARADOS}[2]</arg>
<doc>Returns the given values which can then be assigned to a variables.</doc>
<msg timestamp="20240102 15:42:49.088" level="INFO">${UF_NOME} = AL</msg>
<status status="PASS" starttime="20240102 15:42:49.087" endtime="20240102 15:42:49.088"/>
</kw>
<kw name="Log To Console" library="BuiltIn">
<arg>...Validando Número Contrato ==&gt; ${CONTRATO_NUMERO}</arg>
<doc>Logs the given message to the console.</doc>
<status status="PASS" starttime="20240102 15:42:49.089" endtime="20240102 15:42:49.090"/>
</kw>
<kw name="Log To Console" library="BuiltIn">
<arg>...............Validando CPF ==&gt; ${CPF_NUMERO}</arg>
<doc>Logs the given message to the console.</doc>
<status status="PASS" starttime="20240102 15:42:49.091" endtime="20240102 15:42:49.095"/>
</kw>
<kw name="Log To Console" library="BuiltIn">
<arg>................Validando UF ==&gt; ${UF_NOME}\n</arg>
<doc>Logs the given message to the console.</doc>
<status status="PASS" starttime="20240102 15:42:49.098" endtime="20240102 15:42:49.101"/>
</kw>
<kw name="Set Variable" library="BuiltIn">
<var>${x}</var>
<arg>${x+1}</arg>
<doc>Returns the given values which can then be assigned to a variables.</doc>
<msg timestamp="20240102 15:42:49.105" level="INFO">${x} = 4</msg>
<status status="PASS" starttime="20240102 15:42:49.101" endtime="20240102 15:42:49.105"/>
</kw>
<status status="PASS" starttime="20240102 15:42:49.063" endtime="20240102 15:42:49.105"/>
</iter>
<status status="PASS" starttime="20240102 15:42:48.934" endtime="20240102 15:42:49.105"/>
</for>
<status status="PASS" starttime="20240102 15:42:48.926" endtime="20240102 15:42:49.105"/>
</kw>
<kw name="Log To Console" library="BuiltIn">
<arg>==============================================================================</arg>
<doc>Logs the given message to the console.</doc>
<status status="PASS" starttime="20240102 15:42:49.105" endtime="20240102 15:42:49.107"/>
</kw>
<kw name="Log To Console" library="BuiltIn">
<arg>Dados salvos no arquivo ==&gt; ARQUIVOS_DADOS_GERADOS_TXT.csv</arg>
<doc>Logs the given message to the console.</doc>
<status status="PASS" starttime="20240102 15:42:49.110" endtime="20240102 15:42:49.122"/>
</kw>
<kw name="Log To Console" library="BuiltIn">
<arg>==============================================================================\n</arg>
<doc>Logs the given message to the console.</doc>
<status status="PASS" starttime="20240102 15:42:49.124" endtime="20240102 15:42:49.125"/>
</kw>
<status status="PASS" starttime="20240102 15:42:48.924" endtime="20240102 15:42:49.126"/>
</kw>
<kw name="E converto o arquivo gerado para Base64" library="kws_gerando_arquivo_txt">
<arg>${UF}</arg>
<kw name="Set Variable" library="BuiltIn">
<var>${ARQ_BASE64}</var>
<arg>${EXECDIR}${/}resources\\arquivos\\txt\\Arquivo_TXT_${UF}.txt</arg>
<doc>Returns the given values which can then be assigned to a variables.</doc>
<msg timestamp="20240102 15:42:49.129" level="INFO">${ARQ_BASE64} = C:\Projetos\manipulando_arquivos_robotframework\resources\arquivos\txt\Arquivo_TXT_AL.txt</msg>
<status status="PASS" starttime="20240102 15:42:49.128" endtime="20240102 15:42:49.129"/>
</kw>
<kw name="Converte Arquivo Base64" library="arquivo">
<var>${ARQ_CONVERTIDO}</var>
<arg>${ARQ_BASE64}</arg>
<msg timestamp="20240102 15:42:49.130" level="INFO">${ARQ_CONVERTIDO} = MTEwOTEwOTMxNDAwMDEwMCAgICAgICAgICBBcnF1aXZvX1RYVF9BTC50eHQgICAgICAgICAgICAgICAgICAgICAgMjAyNDAxMDIxMjAwMDAwMDENCjEyMDAwMVNPVVpBICAgICAgICAgICAgICAgICAgICAgICAgICAgICAgICAgICAgICAgICAgICAgNjQ3OTgzNTEw...</msg>
<status status="PASS" starttime="20240102 15:42:49.129" endtime="20240102 15:42:49.130"/>
</kw>
<kw name="Set Suite Variable" library="BuiltIn">
<arg>${ARQ_CONVERTIDO}</arg>
<doc>Makes a variable available everywhere within the scope of the current suite.</doc>
<msg timestamp="20240102 15:42:49.133" level="INFO">${ARQ_CONVERTIDO} = MTEwOTEwOTMxNDAwMDEwMCAgICAgICAgICBBcnF1aXZvX1RYVF9BTC50eHQgICAgICAgICAgICAgICAgICAgICAgMjAyNDAxMDIxMjAwMDAwMDENCjEyMDAwMVNPVVpBICAgICAgICAgICAgICAgICAgICAgICAgICAgICAgICAgICAgICAgICAgICAgNjQ3OTgzNTEw...</msg>
<status status="PASS" starttime="20240102 15:42:49.131" endtime="20240102 15:42:49.133"/>
</kw>
<kw name="Set Variable" library="BuiltIn">
<var>${ARQ_TXT_CONVERTIDO}</var>
<arg>${EXECDIR}${/}resources\\arquivos\\txt\\ArqBase64_${UF}.txt</arg>
<doc>Returns the given values which can then be assigned to a variables.</doc>
<msg timestamp="20240102 15:42:49.139" level="INFO">${ARQ_TXT_CONVERTIDO} = C:\Projetos\manipulando_arquivos_robotframework\resources\arquivos\txt\ArqBase64_AL.txt</msg>
<status status="PASS" starttime="20240102 15:42:49.137" endtime="20240102 15:42:49.139"/>
</kw>
<kw name="Create File" library="OperatingSystem">
<arg>${ARQ_TXT_CONVERTIDO}</arg>
<doc>Creates a file with the given content and encoding.</doc>
<msg timestamp="20240102 15:42:49.147" level="INFO" html="true">Created file '&lt;a href="file://C:\Projetos\manipulando_arquivos_robotframework\resources\arquivos\txt\ArqBase64_AL.txt"&gt;C:\Projetos\manipulando_arquivos_robotframework\resources\arquivos\txt\ArqBase64_AL.txt&lt;/a&gt;'.</msg>
<status status="PASS" starttime="20240102 15:42:49.140" endtime="20240102 15:42:49.147"/>
</kw>
<kw name="Append To File" library="OperatingSystem">
<arg>${ARQ_TXT_CONVERTIDO}</arg>
<arg>${ARQ_CONVERTIDO}\n</arg>
<doc>Appends the given content to the specified file.</doc>
<msg timestamp="20240102 15:42:49.155" level="INFO" html="true">Appended to file '&lt;a href="file://C:\Projetos\manipulando_arquivos_robotframework\resources\arquivos\txt\ArqBase64_AL.txt"&gt;C:\Projetos\manipulando_arquivos_robotframework\resources\arquivos\txt\ArqBase64_AL.txt&lt;/a&gt;'.</msg>
<status status="PASS" starttime="20240102 15:42:49.148" endtime="20240102 15:42:49.157"/>
</kw>
<kw name="Log To Console" library="BuiltIn">
<arg>==============================================================================</arg>
<doc>Logs the given message to the console.</doc>
<status status="PASS" starttime="20240102 15:42:49.157" endtime="20240102 15:42:49.172"/>
</kw>
<kw name="Log To Console" library="BuiltIn">
<arg>Arquivo de lote 2.0 convertido para Base64 com sucesso</arg>
<doc>Logs the given message to the console.</doc>
<status status="PASS" starttime="20240102 15:42:49.182" endtime="20240102 15:42:49.253"/>
</kw>
<kw name="Log To Console" library="BuiltIn">
<arg>==============================================================================\n</arg>
<doc>Logs the given message to the console.</doc>
<status status="PASS" starttime="20240102 15:42:49.254" endtime="20240102 15:42:49.274"/>
</kw>
<status status="PASS" starttime="20240102 15:42:49.126" endtime="20240102 15:42:49.274"/>
</kw>
<status status="PASS" starttime="20240102 15:42:48.023" endtime="20240102 15:42:49.275"/>
</iter>
<status status="PASS" starttime="20240102 15:42:47.152" endtime="20240102 15:42:49.275"/>
</for>
<tag>TXT</tag>
<status status="PASS" starttime="20240102 15:42:47.124" endtime="20240102 15:42:49.277"/>
</test>
<doc>Manipulando Arquivos - JSON-TXT-XLS-CSV</doc>
<status status="PASS" starttime="20240102 15:42:43.107" endtime="20240102 15:42:49.282"/>
</suite>
<statistics>
<total>
<stat pass="1" fail="0" skip="0">All Tests</stat>
</total>
<tag>
<stat pass="1" fail="0" skip="0">TXT</stat>
</tag>
<suite>
<stat pass="1" fail="0" skip="0" id="s1" name="Gerando Arquivos">Gerando Arquivos</stat>
</suite>
</statistics>
<errors>
</errors>
</robot>
